ELF Header:
  Magic:   7f 45 4c 46 02 01 21 00 00 e3 00 00 00 00 00 00
  Class:                             ELF64
  Data:                              2's complement, little endian
  Version:                           33 <unknown>
  OS/ABI:                            UNIX - System V
  ABI Version:                       0
  Type:                              EXEC (Executable file)
  Machine:                           Advanced Micro Devices X86-64
  Version:                           0x1
  Entry point address:               0x400080
  Start of program headers:          64 (bytes into file)
  Start of section headers:          0 (bytes into file)
  Flags:                             0x0
  Size of this header:               64 (bytes)
  Size of program headers:           56 (bytes)
  Number of program headers:         28
  Size of section headers:           64 (bytes)
  Number of section headers:         0
  Section header string table index: 0
There are no sections in this file.

Program Headers:
  Type           Offset             VirtAddr           PhysAddr
                 FileSiz            MemSiz              Flags  Align
  LOAD           0x0000000000000010 0x00000000000000b0 0x00000000000000b0
                 0x0000000000000f01 0x0000000000001000  RW     1000
  DYNAMIC        0x00000000000008b0 0x00000000000009f6 0x0000000000000060
                 0x0000000000000008 0x0000000000000000  RW     0
  NULL           0x0000000000000000 0x0000000000000000 0x0000000000000000
                 0x0000000000000000 0x0000000000000000         0
  NULL           0x0000000000000000 0x0000000000000000 0x0000000000000000
                 0x0000000000000000 0x0000000000000000         0
  NULL           0x0000000000000000 0x0000000000000000 0x0000000000000000
                 0x0000000000000000 0x0000000000000000         0
  NULL           0x0000000000000000 0x0000000000000000 0x0000000000000000
                 0x0000000000000000 0x0000000000000000         0
  NULL           0x0000000000000000 0x0000000000000000 0x0000000000000000
                 0x0000000000000000 0x0000000000000000         0
  NULL           0x0000000000ebffff 0x0000000000000000 0x0000000000000000
                 0x0000000000000000 0x0000000000000000         0
  NULL           0x0000000000000000 0x0000000000000000 0x0000000000000000
                 0x0000000000000000 0x0000000000000000         0
  NULL           0x0000000000000000 0x0000000000000000 0x0000000000000000
                 0x00000000f9000000 0x0000000000000000         0
  NULL           0x0003000000000000 0x0000000000000000 0x0000000000000000
                 0x0000000000000000 0x0000000000000000         0
  NULL           0x0000000000000000 0x0000000000000000 0x0000000000000000
                 0x0000000000000000 0x0000000000000000         0
  NULL           0x0000000000000000 0x0000000000000000 0x0000000000000000
                 0x0000000000000000 0x0000000000000000         0
  NULL           0x0000000000000000 0x0000000000000000 0x00000000f0000000
                 0x0000000000000000 0x0000000000000000         0
  NULL           0x0000000000000000 0x0000000000000000 0x0000000000000000
                 0x0000000000000000 0x0000000000000000         0
  NULL           0x0003000000000000 0x0000000000000000 0x0000000000000000
                 0x0000000000000000 0x0000000000000000         0
  NULL           0x0000000000000000 0x0000000000000000 0x0000000000000000
                 0x0000000000000000 0x0000000000000000         0
  NULL           0x0000000000000000 0x0000000000000000 0x0000000000000000
                 0x0000000000000000 0x000000000000ff00         0
  NULL           0x0000000000000000 0x0000000000000000 0x0000000000000000
                 0x0000000000000000 0x0000000000000000         0
  NULL           0x0000000000000000 0x0000000000000000 0x0000000000000000
                 0x0000000000000000 0x0000000000000000         0
  NULL           0x0000000000000000 0x0080000000000000 0x0000000000000000
                 0x0000000000000000 0x0000000000b20000         0
  NULL           0x0000000000000000 0x0000000000000000 0x0000000000000000
                 0x0000000000000000 0x0000000000000000         0
  NULL           0x0000000000000000 0x0001003e00020000 0x0000004000800000
                 0x0000000000400000 0x0000000000200000         0
  NULL           0x000000000000e000 0x0000000000000000 0x0000000000000000
                 0x0000000000000000 0x0000000000000000         0
  NULL           0x0000000000000000 0x0000000000000000 0x0000000000000000
                 0x0000000000000000 0x0000000000000000         0
  NULL           0x0080ff0000000000 0x0007000000000000 0x0000000000000000
                 0x0000000000000000 0x0000000000000000         0
  NULL           0x0000000000000000 0x0000000000000000 0x0000000000000000
                 0x0000000000000000 0x0000000000000000         0
  NULL           0x0000000000000000 0x0000000000000000 0x0000000000170000
                 0x0000000000000000 0x0000000000000000         0

There is no dynamic section in this file.

There are no relocations in this file.

No version information found in this file.
