ELF Header:
  Magic:   7f 45 4c 46 02 01 01 00 00 00 00 00 00 00 00 00
  Class:                             ELF64
  Data:                              2's complement, little endian
  Version:                           1 (current)
  OS/ABI:                            UNIX - System V
  ABI Version:                       0
  Type:                              EXEC (Executable file)
  Machine:                           Advanced Micro Devices X86-64
  Version:                           0x1
  Entry point address:               0x400080
  Start of program headers:          64 (bytes into file)
  Start of section headers:          0 (bytes into file)
  Flags:                             0x0
  Size of this header:               64 (bytes)
  Size of program headers:           56 (bytes)
  Number of program headers:         28
  Size of section headers:           64 (bytes)
  Number of section headers:         0
  Section header string table index: 0
There are no sections in this file.

Program Headers:
  Type           Offset             VirtAddr           PhysAddr
                 FileSiz            MemSiz              Flags  Align
  LOAD           0x0000000000000000 0x0000000000000000 0x0000000000000000
                 0x0000000000001000 0x0000000000003000  RW     1000
  DYNAMIC        0x00000000000008b0 0x00000000000009d8 0x0000000000000060
                 0x0000000000000008 0x0000000000000000  RW     0
  NULL           0x0000000000000000 0x0000000000000000 0x0000000000000000
                 0x0000000000000000 0x0000000000000000         0
  NULL           0x0000000000000000 0x0000000000000000 0x0000000000000000
                 0x0000000000000000 0x0000000200000015         0
  NULL           0x0000000000000000 0x0000000000000000 0x0000000000000000
                 0x0000000000000000 0x0000000000000000         0
  NULL           0x0000000000000000 0x0000000000000000 0x0000000000000000
                 0x0000000000000000 0x0000000000000000         5ffff05000000
  NULL           0x0000000000000000 0x0000000000000000 0x0000000000000000
                 0x0000000000000000 0x0000000000000000         0
  NULL           0x0000000000000000 0x0000000000000000 0x0000000000000000
                 0x0000000000000000 0x0000000000000000         0
  NULL           0x0000000000000000 0x0000000000000000 0x0000000000000000
                 0x0000000000000000 0x0000000000000000         0
  NULL           0x0000f90000000000 0x0000000000000000 0x0000000000000000
                 0x0000000000000000 0x0000000000000000         0
  NULL           0x0000000000000000 0x1000000000000000 0xb000000000000000
                 0xb000000000000000 0x0000000000000000         40000000000000
  NULL           0x0000000000000000 0x0000000000000000 0x0000000000000000
                 0x0000000000000000 0x0000000000000000         0
  NULL           0x0000000000000000 0x0000000000000000 0x0000000000000000
                 0x0000000000000000 0x0000000000000000         0
  NULL           0x0000000000000000 0x0000000000000000 0x0000000000000000
                 0x0000000000000000 0x0000000000000000         0
  NULL           0x0000000000000000 0x0000000000000000 0x0000000000000000
                 0x0000000000000000 0x0000000000000000         0
  NULL           0x0000000000000000 0x0000000000000001 0x0000000000000000
                 0x0000000000000000 0x0000000000000000         0
  NULL           0x0000000000000000 0x0000000000000000 0x0000000000000000
                 0x0000000000000000 0x0000000000000000         2000000000
  NULL           0x0000000000000000 0x0000000000000000 0x0000000000000000
                 0x0000000000000000 0x0000000000000000         0
  NULL           0x1000000000000000 0x0002000000000000 0x08b0000000060000
                 0x0000000000000000 0x0000000000000000         0
  NULL           0x0000000000000000 0x0000000000000000 0x0000000000000000
                 0x0000000000000000 0x0000000000000000         0
  NULL           0x0000000000000000 0x0000000000000000 0x0000000000000000
                 0x0000000000000000 0x0000000000000000         ffde0000
  NULL           0x0000000000000000 0x0000000000000000 0x0000000000000000
                 0x0000000000000000 0x3e00020000000000         4000800000000100
  NULL           0x0000200000000000 0x0000000000000000 0x0000000000000000
                 0xffffffffffffff00 0xffffffffffffffff         ffffffffffffffff
  <unknown>      0xffffffffffffffff 0xffffffffffffffff 0x000000ffffffffff
                 0x0000000000000000 0xffffffff00000000  RWE    ffffffffffffffff
  NULL           0x0000000000ff0000 0x0000000000000000 0x0000000000000000
                 0x0000000000000000 0x0000000000000000         0
  NULL           0x0000000000000000 0x0000000000000000 0x0000000000000000
                 0x0000000000000000 0x0000000000000000         0
  NULL           0x0000000000000000 0x0000000000000000 0x0000000000000000
                 0x0000000000000000 0x0000000000000000         0
  NULL           0x0000000000000000 0x0000000000000000 0x0000000000000000
                 0x0000000000000000 0x0000000000000000         0

There is no dynamic section in this file.

There are no relocations in this file.

No version information found in this file.
