ELF Header:
  Magic:   7f 45 4c 46 02 01 01 00 00 00 00 00 00 00 00 00
  Class:                             ELF64
  Data:                              2's complement, little endian
  Version:                           1 (current)
  OS/ABI:                            UNIX - System V
  ABI Version:                       0
  Type:                              DYN (Shared object file)
  Machine:                           Advanced Micro Devices X86-64
  Version:                           0x1
  Entry point address:               0x0
  Start of program headers:          64 (bytes into file)
  Start of section headers:          13592 (bytes into file)
  Flags:                             0x0
  Size of this header:               64 (bytes)
  Size of program headers:           56 (bytes)
  Number of program headers:         11
  Size of section headers:           64 (bytes)
  Number of section headers:         27
  Section header string table index: 26

Section Headers:
  [Nr] Name              Type             Address           Offset
       Size              EntSize          Flags  Link  Info  Align
  [ 0]                   NULL             0000000000000000  00000000
       0000000000000000  0000000000000000           0     0     0
  [ 1] .note.gnu.propert NOTE             00000000000002a8  000002a8
       0000000000000020  0000000000000000   A       0     0     8
  [ 2] .note.gnu.build-i NOTE             00000000000002c8  000002c8
       0000000000000024  0000000000000000   A       0     0     4
  [ 3] .gnu.hash         GNU_HASH         00000000000002f0  000002f0
       0000000000000030  0000000000000000   A       4     0     8
  [ 4] .dynsym           DYNSYM           0000000000000320  00000320
       00000000000000c0  0000000000000018   A       5     1     8
  [ 5] .dynstr           STRTAB           00000000000003e0  000003e0
       000000000000005e  0000000000000000   A       0     0     1
  [ 6] .rela.dyn         RELA             0000000000000440  00000440
       00000000000000c0  0000000000000018   A       4     0     8
  [ 7] .rela.plt         RELA             0000000000000500  00000500
       0000000000000018  0000000000000018  AI       4    20     8
  [ 8] .init             PROGBITS         0000000000001000  00001000
       000000000000001b  0000000000000000  AX       0     0     4
  [ 9] .plt              PROGBITS         0000000000001020  00001020
       0000000000000020  0000000000000010  AX       0     0     16
  [10] .plt.got          PROGBITS         0000000000001040  00001040
       0000000000000010  0000000000000010  AX       0     0     16
  [11] .plt.sec          PROGBITS         0000000000001050  00001050
       0000000000000010  0000000000000010  AX       0     0     16
  [12] .text             PROGBITS         0000000000001060  00001060
       00000000000000ea  0000000000000000  AX       0     0     16
  [13] .fini             PROGBITS         000000000000114c  0000114c
       000000000000000d  0000000000000000  AX       0     0     4
  [14] .eh_frame_hdr     PROGBITS         0000000000002000  00002000
       0000000000000034  0000000000000000   A       0     0     4
  [15] .eh_frame         PROGBITS         0000000000002038  00002038
       00000000000000b4  0000000000000000   A       0     0     8
  [16] .init_array       INIT_ARRAY       0000000000003e30  00002e30
       0000000000000008  0000000000000008  WA       0     0     8
  [17] .fini_array       FINI_ARRAY       0000000000003e38  00002e38
       0000000000000008  0000000000000008  WA       0     0     8
  [18] .dynamic          DYNAMIC          0000000000003e40  00002e40
       0000000000000180  0000000000000010  WA       5     0     8
  [19] .got              PROGBITS         0000000000003fc0  00002fc0
       0000000000000028  0000000000000008  WA       0     0     8
  [20] .got.plt          PROGBITS         0000000000003fe8  00002fe8
       0000000000000020  0000000000000008  WA       0     0     8
  [21] .data             PROGBITS         0000000000004008  00003008
       000000000000000c  0000000000000000  WA       0     0     8
  [22] .bss              NOBITS           0000000000004014  00003014
       0000000000000004  0000000000000000  WA       0     0     1
  [23] .comment          PROGBITS         0000000000000000  00003014
       000000000000002d  0000000000000001  MS       0     0     1
  [24] .symtab           SYMTAB           0000000000000000  00003048
       0000000000000288  0000000000000018          25    20     8
  [25] .strtab           STRTAB           0000000000000000  000032d0
       000000000000015b  0000000000000000           0     0     1
  [26] .shstrtab         STRTAB           0000000000000000  0000342b
       00000000000000e9  0000000000000000           0     0     1
Key to Flags:
  W (write), A (alloc), X (execute), M (merge), S (strings), I (info),
  L (link order), O (extra OS processing required), G (group), T (TLS),
  C (compressed), x (unknown), o (OS specific), E (exclude),
  p (processor specific)

Program Headers:
  Type           Offset             VirtAddr           PhysAddr
                 FileSiz            MemSiz              Flags  Align
  LOAD           0x0000000000000000 0x0000000000000000 0x0000000000000000
                 0x0000000000000518 0x0000000000000518  R      1000
  LOAD           0x0000000000001000 0x0000000000001000 0x0000000000001000
                 0x0000000000000159 0x0000000000000159  R E    1000
  LOAD           0x0000000000002000 0x0000000000002000 0x0000000000002000
                 0x00000000000000ec 0x00000000000000ec  R      1000
  LOAD           0x0000000000002e30 0x0000000000003e30 0x0000000000003e30
                 0x00000000000001e4 0x00000000000001e8  RW     1000
  DYNAMIC        0x0000000000002e40 0x0000000000003e40 0x0000000000003e40
                 0xfffffffffffffe7f 0xfffffffffffffe7f  RW     fffffffffffffff7
  <unknown>      0xfffffffffffffd57 0xfffffffffffffd57 0xfffffffffffffd57
                 0xffffffffffffffdf 0x0000000000000020   WE    8
  NOTE           0x00000000000002c8 0x00000000000002c8 0x00000000000002c8
                 0x0000000000000024 0x0000000000000024  R      4
  GNU_PROPERTY   0x00000000000002a8 0x00000000000002a8 0x00000000000002a8
                 0x0000000000000020 0x0000000000000020  R      8
  GNU_EH_FRAME   0x0000000000002000 0x0000000000002000 0x0000000000002000
                 0x0000000000000034 0x0000000000000034  R      4
  GNU_STACK      0x0000000000000000 0x0000000000000000 0x0000000000000000
                 0x0000000000000000 0x0000000000000000  RW     10
  GNU_RELRO      0x0000000000002e30 0x0000000000003e30 0x0000000000003e30
                 0x00000000000001d0 0x00000000000001d0  R      1

 Section to Segment mapping:
  Segment Sections...
   00     .note.gnu.property .note.gnu.build-id .gnu.hash .dynsym .dynstr .rela.dyn .rela.plt 
   01     .init .plt .plt.got .plt.sec .text .fini 
   02     .eh_frame_hdr .eh_frame 
   03     .init_array .fini_array .dynamic .got .got.plt .data .bss 
   04     .dynamic .got .got.plt .data .bss 
   05     
   06     .note.gnu.build-id 
   07     .note.gnu.property 
   08     .eh_frame_hdr 
   09     
   10     .init_array .fini_array .dynamic .got 

Dynamic section at offset 0x2e40 contains 20 entries:
  Tag        Type                         Name/Value
 0x000000000000000c (INIT)               0x1000
 0x000000000000000d (FINI)               0x114c
 0x0000000000000019 (INIT_ARRAY)         0x3e30
 0x000000000000001b (INIT_ARRAYSZ)       8 (bytes)
 0x000000000000001a (FINI_ARRAY)         0x3e38
 0x000000000000001c (FINI_ARRAYSZ)       8 (bytes)
 0x000000006ffffef5 (GNU_HASH)           0x2f0
 0x0000000000000005 (STRTAB)             0x3e0
 0x0000000000000006 (SYMTAB)             0x320
 0x000000000000000a (STRSZ)              94 (bytes)
 0x000000000000000b (SYMENT)             24 (bytes)
 0x0000000000000003 (PLTGOT)             0x3fe8
 0x0000000000000002 (PLTRELSZ)           24 (bytes)
 0x0000000000000014 (PLTREL)             RELA
 0x0000000000000017 (JMPREL)             0x500
 0x0000000000000007 (RELA)               0x440
 0x0000000000000008 (RELASZ)             192 (bytes)
 0x0000000000000009 (RELAENT)            24 (bytes)
 0x000000006ffffff9 (RELACOUNT)          3
 0x0000000000000000 (NULL)               0x0

Displaying notes found in: .note.gnu.property
  Owner                Data size        Description
  GNU                  0x00000010	NT_GNU_PROPERTY_TYPE_0 (program properties)
      Properties: x86 feature: IBT, SHSTK

Displaying notes found in: .note.gnu.build-id
  Owner                Data size        Description
  GNU                  0x00000014	NT_GNU_BUILD_ID (unique build ID bitstring)
    Build ID: cb7077ab1b0693aeaaff58d532a9f0627ac8adc8

Relocation section '.rela.dyn' at offset 0x440 contains 8 entries:
  Offset          Info           Type           Sym. Value    Sym. Name + Addend
000000003e30  000000000008 R_X86_64_RELATIVE                    1110
000000003e38  000000000008 R_X86_64_RELATIVE                    10d0
000000004008  000000000008 R_X86_64_RELATIVE                    4008
000000003fc0  000100000006 R_X86_64_GLOB_DAT 0000000000000000 __cxa_finalize + 0
000000003fc8  000600000006 R_X86_64_GLOB_DAT 0000000000004010 g + 0
000000003fd0  000200000006 R_X86_64_GLOB_DAT 0000000000000000 _ITM_registerTMCloneTa + 0
000000003fd8  000300000006 R_X86_64_GLOB_DAT 0000000000000000 _ITM_deregisterTMClone + 0
000000003fe0  000400000006 R_X86_64_GLOB_DAT 0000000000000000 __gmon_start__ + 0

Relocation section '.rela.plt' at offset 0x500 contains 1 entry:
  Offset          Info           Type           Sym. Value    Sym. Name + Addend
000000004000  000500000007 R_X86_64_JUMP_SLO 0000000000001119 f + 0

No version information found in this file.
