ELF Header:
  Magic:   7f 45 4c 46 02 01 01 00 00 00 00 00 00 00 00 00
  Class:                             ELF64
  Data:                              2's complement, little endian
  Version:                           1 (current)
  OS/ABI:                            UNIX - System V
  ABI Version:                       0
  Type:                              EXEC (Executable file)
  Machine:                           Advanced Micro Devices X86-64
  Version:                           0x1
  Entry point address:               0x400080
  Start of program headers:          64 (bytes into file)
  Start of section headers:          176 (bytes into file)
  Flags:                             0x0
  Size of this header:               64 (bytes)
  Size of program headers:           56 (bytes)
  Number of program headers:         0
  Size of section headers:           64 (bytes)
  Number of section headers:         4
  Section header string table index: 1

Section Headers:
  [Nr] Name              Type             Address           Offset
       Size              EntSize          Flags  Link  Info  Align
  [ 0]                   NULL             0000000000000000  00000000
       0000000000000000  0000000000000000           0     0     0
  [ 1] .shstrtab         STRTAB           0000000000000000  000001b0
       000000000000001c  0000000000000000           0     0     0
  [ 2] .dynstr           STRTAB           0000000000000000  000001d0
       0000000000000001  0000000000000000           0     0     0
  [ 3] .version          VERDEF           0000000000000000  000001e0
       0000000000000008  0000000000000000           2     1     0
Key to Flags:
  W (write), A (alloc), X (execute), M (merge), S (strings), I (info),
  L (link order), O (extra OS processing required), G (group), T (TLS),
  C (compressed), x (unknown), o (OS specific), E (exclude),
  p (processor specific)

There are no program headers in this file.

There is no dynamic section in this file.

There are no relocations in this file.

Version definition section '.version' contains 1 entry:
  Addr: 0x0000000000000000  Offset: 0x000001e0  Link: 2 (.dynstr)
