
/users/szhong/LeanLoad/WhatTheElf/fixtures/musl_sysv_lookup_261:	file format elf64-x86-64

Program Header:
    LOAD off    0x0000000000000000 vaddr 0x0000000000000000 paddr 0x0000000000000000 align 2**12
         filesz 0x0000000000001000 memsz 0x0000000000003000 flags rw-
 DYNAMIC off    0x00000000000008b0 vaddr 0x00000000000009d8 paddr 0x0000000000000060 align 2**64
         filesz 0x0000000000000008 memsz 0x0000000000000000 flags rw-
 UNKNOWN off    0x0000000000000000 vaddr 0x0000000000000000 paddr 0x0000000000000000 align 2**64
         filesz 0x0000000000000000 memsz 0x0000000000000000 flags ---
 UNKNOWN off    0x0000000000000000 vaddr 0x0000000000000000 paddr 0x0000000000000000 align 2**64
         filesz 0x0000000000000000 memsz 0x0000000200000015 flags ---
 UNKNOWN off    0x0000000000000000 vaddr 0x0000000000000000 paddr 0x0000000000000000 align 2**64
         filesz 0x0000000000000000 memsz 0x0000000000000000 flags ---
 UNKNOWN off    0x0000000000000000 vaddr 0x0000000000000000 paddr 0x0000000000000000 align 2**24
         filesz 0x0000000000000000 memsz 0x0000000000000000 flags ---
 UNKNOWN off    0x0000000000000000 vaddr 0x0000000000000000 paddr 0x0000000000000000 align 2**64
         filesz 0x0000000000000000 memsz 0x0000000000000000 flags ---
 UNKNOWN off    0x0000000000000000 vaddr 0x0000000000000000 paddr 0x0000000000000000 align 2**64
         filesz 0x0000000000000000 memsz 0x0000000000000000 flags ---
 UNKNOWN off    0x0000000000000000 vaddr 0x0000000000000000 paddr 0x0000000000000000 align 2**64
         filesz 0x0000000000000000 memsz 0x0000000000000000 flags ---
 UNKNOWN off    0x0000f90000000000 vaddr 0x0000000000000000 paddr 0x0000000000000000 align 2**64
         filesz 0x0000000000000000 memsz 0x0000000000000000 flags ---
 UNKNOWN off    0x0000000000000000 vaddr 0x1000000000000000 paddr 0xb000000000000000 align 2**54
         filesz 0xb000000000000000 memsz 0x0000000000000000 flags ---
 UNKNOWN off    0x0000000000000000 vaddr 0x0000000000000000 paddr 0x0000000000000000 align 2**64
         filesz 0x0000000000000000 memsz 0x0000000000000000 flags ---
 UNKNOWN off    0x0000000000000000 vaddr 0x0000000000000000 paddr 0x0000000000000000 align 2**64
         filesz 0x0000000000000000 memsz 0x0000000000000000 flags ---
 UNKNOWN off    0x0000000000000000 vaddr 0x0000000000000000 paddr 0x0000000000000000 align 2**64
         filesz 0x0000000000000000 memsz 0x0000000000000000 flags ---
 UNKNOWN off    0x0000000000000000 vaddr 0x0000000000000000 paddr 0x0000000000000000 align 2**64
         filesz 0x0000000000000000 memsz 0x0000000000000000 flags ---
 UNKNOWN off    0x0000000000000000 vaddr 0x0000000000000001 paddr 0x0000000000000000 align 2**64
         filesz 0x0000000000000000 memsz 0x0000000000000000 flags ---
 UNKNOWN off    0x0000000000000000 vaddr 0x0000000000000000 paddr 0x0000000000000000 align 2**37
         filesz 0x0000000000000000 memsz 0x0000000000000000 flags ---
 UNKNOWN off    0x0000000000000000 vaddr 0x0000000000000000 paddr 0x0000000000000000 align 2**64
         filesz 0x0000000000000000 memsz 0x0000000000000000 flags ---
 UNKNOWN off    0x1000000000000000 vaddr 0x0002000000000000 paddr 0x08b0000000060000 align 2**64
         filesz 0x0000000000000000 memsz 0x0000000000000000 flags ---
 UNKNOWN off    0x0000000000000000 vaddr 0x0000000000000000 paddr 0x0000000000000000 align 2**64
         filesz 0x0000000000000000 memsz 0x0000000000000000 flags ---
 UNKNOWN off    0x0000000000000000 vaddr 0x0000000000000000 paddr 0x0000000000000000 align 2**17
         filesz 0x0000000000000000 memsz 0x0000000000000000 flags ---
 UNKNOWN off    0x0000000000000000 vaddr 0x0000000000000000 paddr 0x0000000000000000 align 2**8
         filesz 0x0000000000000000 memsz 0x3e00020000000000 flags ---
 UNKNOWN off    0x0000200000000000 vaddr 0x0000000000000000 paddr 0x0000000000000000 align 2**0
         filesz 0xffffffffffffff00 memsz 0xffffffffffffffff flags ---
 UNKNOWN off    0xffffffffffffffff vaddr 0xffffffffffffffff paddr 0x000000ffffffffff align 2**0
         filesz 0x0000000000000000 memsz 0xffffffff00000000 flags rwx
 UNKNOWN off    0x0000000000ff0000 vaddr 0x0000000000000000 paddr 0x0000000000000000 align 2**64
         filesz 0x0000000000000000 memsz 0x0000000000000000 flags ---
 UNKNOWN off    0x0000000000000000 vaddr 0x0000000000000000 paddr 0x0000000000000000 align 2**64
         filesz 0x0000000000000000 memsz 0x0000000000000000 flags ---
 UNKNOWN off    0x0000000000000000 vaddr 0x0000000000000000 paddr 0x0000000000000000 align 2**64
         filesz 0x0000000000000000 memsz 0x0000000000000000 flags ---
 UNKNOWN off    0x0000000000000000 vaddr 0x0000000000000000 paddr 0x0000000000000000 align 2**64
         filesz 0x0000000000000000 memsz 0x0000000000000000 flags ---
