
/users/szhong/LeanLoad/WhatTheElf/fixtures/musl_do_relocs_486:	file format elf64-x86-64

Program Header:
    LOAD off    0x0000000000000000 vaddr 0x0000000000000000 paddr 0x0000000000000000 align 2**12
         filesz 0x0000000000001000 memsz 0x0000000000003000 flags rw-
 DYNAMIC off    0x00000000000008b0 vaddr 0x0000000000000a04 paddr 0x0000000000000060 align 2**64
         filesz 0x0000000000000008 memsz 0x0027000000000000 flags rw-
 UNKNOWN off    0x0000000000000000 vaddr 0x0000000000000000 paddr 0x0000000000000000 align 2**0
         filesz 0x0000000000000000 memsz 0xffff050000000000 flags ---
 UNKNOWN off    0x0000000000000000 vaddr 0x0000000000000000 paddr 0x0000000000000000 align 2**64
         filesz 0x0000000000000000 memsz 0x0000000000000000 flags ---
 UNKNOWN off    0x0000000000000000 vaddr 0x0000000000000000 paddr 0x0000000000000000 align 2**64
         filesz 0x0000000000000000 memsz 0x0000000000000000 flags ---
 UNKNOWN off    0x0000000000000000 vaddr 0x0000000000000000 paddr 0x0000000000000000 align 2**24
         filesz 0x0000000000000000 memsz 0x0000000000000000 flags ---
 UNKNOWN off    0x0000000000000000 vaddr 0x00000000000000f4 paddr 0x0000000000000000 align 2**64
         filesz 0x0000000000000000 memsz 0x0000000000000000 flags ---
 UNKNOWN off    0x0000000000000000 vaddr 0x0000000000000000 paddr 0x0000000000000000 align 2**0
         filesz 0x0000000000000000 memsz 0x0000000000000000 flags ---
 UNKNOWN off    0x0000000000000000 vaddr 0x0000000000000000 paddr 0x0000000000000000 align 2**64
         filesz 0x0000000000000000 memsz 0x0000000000000000 flags ---
 UNKNOWN off    0x0000f90000000000 vaddr 0x0000000000000000 paddr 0x0000000000000000 align 2**64
         filesz 0x0000000000000000 memsz 0x0000000000000000 flags ---
 UNKNOWN off    0x000000fffffff400 vaddr 0x1000000000000000 paddr 0xb000000000000000 align 2**54
         filesz 0xb000000000000000 memsz 0xff00000000000000 flags ---
 UNKNOWN off    0x0000000000000000 vaddr 0xedff000000000000 paddr 0x0000000000000000 align 2**64
         filesz 0x0000000000000000 memsz 0x0000000000000000 flags ---
 UNKNOWN off    0x0000000000000000 vaddr 0x0000000000000000 paddr 0x0000000000000000 align 2**64
         filesz 0x0000000000000000 memsz 0x0000000000000000 flags ---
 UNKNOWN off    0x0000000000000000 vaddr 0x0000000000000000 paddr 0x0000000000000002 align 2**64
         filesz 0x0000000000000000 memsz 0x0000000000000000 flags ---
 UNKNOWN off    0x0000000000000000 vaddr 0x0000000000000000 paddr 0x0000000000000000 align 2**43
         filesz 0x0000000000000000 memsz 0x0000000000000000 flags ---
 UNKNOWN off    0x0000000000000000 vaddr 0x0000000000000000 paddr 0x0000000000000000 align 2**64
         filesz 0x0000000000000000 memsz 0x0000000000000000 flags ---
 UNKNOWN off    0x0000000000000000 vaddr 0x0000000000000000 paddr 0x0000000000000000 align 2**64
         filesz 0x0000000000002000 memsz 0x0000000000000000 flags ---
 UNKNOWN off    0x0000000000000000 vaddr 0x0000000000000000 paddr 0x0000000000000000 align 2**64
         filesz 0x0000000000000010 memsz 0x0000000000000000 flags ---
 UNKNOWN off    0x0000000000000000 vaddr 0x0000000000000000 paddr 0x0000000006000000 align 2**64
         filesz 0x0000000000000000 memsz 0x0000000000000000 flags ---
 UNKNOWN off    0x0000000000000000 vaddr 0x0000000000000000 paddr 0x0000000000000000 align 2**64
         filesz 0x0000000000000000 memsz 0x0000000000000000 flags ---
 UNKNOWN off    0x0000000000000000 vaddr 0x0000000000000000 paddr 0x0000000000000000 align 2**64
         filesz 0x0000000000000000 memsz 0x0000000000000000 flags ---
 UNKNOWN off    0x0000000000000000 vaddr 0x0000000000000000 paddr 0x0000000000000000 align 2**33
         filesz 0x0000000000000000 memsz 0x0000000000000000 flags ---
    LOAD off    0x0000004000000000 vaddr 0x0000002000000000 paddr 0x0000000000000000 align 2**0
         filesz 0x0000000000000000 memsz 0xffffffffffffffff flags ---
 UNKNOWN off    0xffffffffffffffff vaddr 0xffffffffffffffff paddr 0xffffffffffffffff align 2**64
         filesz 0xffffffffffffffff memsz 0xffffffffffffffff flags rwx
 UNKNOWN off    0x0000000000000000 vaddr 0x0000000000000000 paddr 0x0000000000000000 align 2**64
         filesz 0x0000000000000000 memsz 0x0000000000000000 flags ---
 UNKNOWN off    0x0000000000000000 vaddr 0x0000000000000000 paddr 0x0000000000000000 align 2**64
         filesz 0x0000000000000000 memsz 0x0000000000000000 flags ---
 UNKNOWN off    0x0000000000000000 vaddr 0x0000000000000000 paddr 0x0000000000000000 align 2**64
         filesz 0x0000000000000000 memsz 0x0000000000000000 flags ---
    LOAD off    0x0000000000000000 vaddr 0x0000000000000000 paddr 0x0000000000000000 align 2**16
         filesz 0x0000000000000000 memsz 0x0000000000000000 flags ---
