
/users/szhong/LeanLoad/WhatTheElf/fixtures/musl_do_relr_relocs_570:	file format elf64-x86-64

Program Header:
    LOAD off    0x0000000000000010 vaddr 0x00000000000000b0 paddr 0x00000000000000b0 align 2**12
         filesz 0x0000000000000f01 memsz 0x0000000000001000 flags rw-
 DYNAMIC off    0x00000000000008b0 vaddr 0x00000000000009f6 paddr 0x0000000000000060 align 2**64
         filesz 0x0000000000000008 memsz 0x0000000000000000 flags rw-
 UNKNOWN off    0x0000000000000000 vaddr 0x0000000000000000 paddr 0x0000000000000000 align 2**64
         filesz 0x0000000000000000 memsz 0x0000000000000000 flags ---
 UNKNOWN off    0x0000000000000000 vaddr 0x0000000000000000 paddr 0x0000000000000000 align 2**64
         filesz 0x0000000000000000 memsz 0x0000000000000000 flags ---
 UNKNOWN off    0x0000000000000000 vaddr 0x0000000000000000 paddr 0x0000000000000000 align 2**64
         filesz 0x0000000000000000 memsz 0x0000000000000000 flags ---
 UNKNOWN off    0x0000000000000000 vaddr 0x0000000000000000 paddr 0x0000000000000000 align 2**64
         filesz 0x0000000000000000 memsz 0x0000000000000000 flags ---
 UNKNOWN off    0x0000000000000000 vaddr 0x0000000000000000 paddr 0x0000000000000000 align 2**64
         filesz 0x0000000000000000 memsz 0x0000000000000000 flags ---
 UNKNOWN off    0x0000000000ebffff vaddr 0x0000000000000000 paddr 0x0000000000000000 align 2**64
         filesz 0x0000000000000000 memsz 0x0000000000000000 flags ---
 UNKNOWN off    0x0000000000000000 vaddr 0x0000000000000000 paddr 0x0000000000000000 align 2**64
         filesz 0x0000000000000000 memsz 0x0000000000000000 flags ---
 UNKNOWN off    0x0000000000000000 vaddr 0x0000000000000000 paddr 0x0000000000000000 align 2**64
         filesz 0x00000000f9000000 memsz 0x0000000000000000 flags ---
 UNKNOWN off    0x0003000000000000 vaddr 0x0000000000000000 paddr 0x0000000000000000 align 2**64
         filesz 0x0000000000000000 memsz 0x0000000000000000 flags ---
 UNKNOWN off    0x0000000000000000 vaddr 0x0000000000000000 paddr 0x0000000000000000 align 2**64
         filesz 0x0000000000000000 memsz 0x0000000000000000 flags ---
 UNKNOWN off    0x0000000000000000 vaddr 0x0000000000000000 paddr 0x0000000000000000 align 2**64
         filesz 0x0000000000000000 memsz 0x0000000000000000 flags ---
 UNKNOWN off    0x0000000000000000 vaddr 0x0000000000000000 paddr 0x00000000f0000000 align 2**64
         filesz 0x0000000000000000 memsz 0x0000000000000000 flags ---
 UNKNOWN off    0x0000000000000000 vaddr 0x0000000000000000 paddr 0x0000000000000000 align 2**64
         filesz 0x0000000000000000 memsz 0x0000000000000000 flags ---
 UNKNOWN off    0x0003000000000000 vaddr 0x0000000000000000 paddr 0x0000000000000000 align 2**64
         filesz 0x0000000000000000 memsz 0x0000000000000000 flags ---
 UNKNOWN off    0x0000000000000000 vaddr 0x0000000000000000 paddr 0x0000000000000000 align 2**64
         filesz 0x0000000000000000 memsz 0x0000000000000000 flags ---
 UNKNOWN off    0x0000000000000000 vaddr 0x0000000000000000 paddr 0x0000000000000000 align 2**64
         filesz 0x0000000000000000 memsz 0x000000000000ff00 flags ---
 UNKNOWN off    0x0000000000000000 vaddr 0x0000000000000000 paddr 0x0000000000000000 align 2**64
         filesz 0x0000000000000000 memsz 0x0000000000000000 flags ---
 UNKNOWN off    0x0000000000000000 vaddr 0x0000000000000000 paddr 0x0000000000000000 align 2**64
         filesz 0x0000000000000000 memsz 0x0000000000000000 flags ---
 UNKNOWN off    0x0000000000000000 vaddr 0x0080000000000000 paddr 0x0000000000000000 align 2**64
         filesz 0x0000000000000000 memsz 0x0000000000b20000 flags ---
 UNKNOWN off    0x0000000000000000 vaddr 0x0000000000000000 paddr 0x0000000000000000 align 2**64
         filesz 0x0000000000000000 memsz 0x0000000000000000 flags ---
 UNKNOWN off    0x0000000000000000 vaddr 0x0001003e00020000 paddr 0x0000004000800000 align 2**64
         filesz 0x0000000000400000 memsz 0x0000000000200000 flags ---
 UNKNOWN off    0x000000000000e000 vaddr 0x0000000000000000 paddr 0x0000000000000000 align 2**64
         filesz 0x0000000000000000 memsz 0x0000000000000000 flags ---
 UNKNOWN off    0x0000000000000000 vaddr 0x0000000000000000 paddr 0x0000000000000000 align 2**64
         filesz 0x0000000000000000 memsz 0x0000000000000000 flags ---
 UNKNOWN off    0x0080ff0000000000 vaddr 0x0007000000000000 paddr 0x0000000000000000 align 2**64
         filesz 0x0000000000000000 memsz 0x0000000000000000 flags ---
 UNKNOWN off    0x0000000000000000 vaddr 0x0000000000000000 paddr 0x0000000000000000 align 2**64
         filesz 0x0000000000000000 memsz 0x0000000000000000 flags ---
 UNKNOWN off    0x0000000000000000 vaddr 0x0000000000000000 paddr 0x0000000000170000 align 2**64
         filesz 0x0000000000000000 memsz 0x0000000000000000 flags ---
