ELF Header:
  Magic:   7f 45 4c 46 02 01 01 00 00 00 00 00 00 00 00 00 
  Class:                             ELF64
  Data:                              2's complement, little endian
  Version:                           1 (current)
  OS/ABI:                            UNIX - System V
  ABI Version:                       0
  Type:                              EXEC (Executable file)
  Machine:                           Advanced Micro Devices X86-64
  Version:                           0x1
  Entry point address:               0x400080
  Start of program headers:          64 (bytes into file)
  Start of section headers:          0 (bytes into file)
  Flags:                             0x0
  Size of this header:               64 (bytes)
  Size of program headers:           56 (bytes)
  Number of program headers:         2
  Size of section headers:           64 (bytes)
  Number of section headers:         0
  Section header string table index: 0

There are no sections in this file.

There are no section groups in this file.

Program Headers:
  Type           Offset             VirtAddr           PhysAddr
                 FileSiz            MemSiz              Flags  Align
  LOAD           0x00000000000000b0 0x00000000000000b0 0x00000000000000b0
                 0x0000000000001000 0x0000000000001000  RW     0x1000
  DYNAMIC        0x00000000000008b0 0x00000000000008b0 0x0000000000000000
                 0x0000000000000030 0x0000000000000030  RW     0x8

Dynamic section at offset 0x8b0 contains 3 entries:
  Tag        Type                         Name/Value
 0x0000000000000006 (SYMTAB)             0x900
 0x000000000000000b (SYMENT)             24 (bytes)
 0x0000000000000000 (NULL)               0x0

There are no relocations in this file.
No processor specific unwind information to decode

Dynamic symbol information is not available for displaying symbols.

No version information found in this file.
