ELF Header:
  Magic:   7f 45 4c 46 02 01 01 00 00 00 00 00 00 00 00 00 
  Class:                             ELF64
  Data:                              2's complement, little endian
  Version:                           1 (current)
  OS/ABI:                            UNIX - System V
  ABI Version:                       0
  Type:                              EXEC (Executable file)
  Machine:                           Advanced Micro Devices X86-64
  Version:                           0x1
  Entry point address:               0x400080
  Start of program headers:          64 (bytes into file)
  Start of section headers:          0 (bytes into file)
  Flags:                             0x0
  Size of this header:               64 (bytes)
  Size of program headers:           56 (bytes)
  Number of program headers:         28
  Size of section headers:           64 (bytes)
  Number of section headers:         0
  Section header string table index: 0

There are no sections in this file.

There are no section groups in this file.

Program Headers:
  Type           Offset             VirtAddr           PhysAddr
                 FileSiz            MemSiz              Flags  Align
  LOAD           0x0000000000000000 0x0000000000000000 0x0000000000000000
                 0x0000000000001000 0x0000000000003000  RW     0xbd1000
  DYNAMIC        0x00000000000008b0 0x0000000000000a04 0x0000000000000060
                 0x0000000000000008 0x0027000000000000  RW     0x0
  NULL           0x0000000000000000 0x0000000000000000 0x0000000000000000
                 0x0000000000000000 0x0000000000000000         0x0
  NULL           0x0000000000000000 0x0000000000000000 0x0000000000000000
                 0x0000000000000000 0x0000000000000000         0x0
  NULL           0x0000000000000000 0x0000000000000000 0x0000000000000000
                 0x0000000000000000 0x0000000000000000         0x0
  NULL           0x0000000000000000 0x0000000000000000 0x0000000000000000
                 0x0000000000000000 0x0000000000000000         0x5ffff05000000
  NULL           0x0000000000000000 0x0000000000000000 0x0000000000000000
                 0x0000000000000000 0x0000000000000000         0x0
  NULL           0x0000000000000000 0x0000000000000000 0x0000000000000000
                 0x0000000000000000 0x0000000000000000         0xff
  NULL           0x0000000000000000 0x0000000000000000 0x0000000000000000
                 0x0000000000000000 0x0000000000000000         0x0
  NULL           0x0000f90000000000 0x0000000000000000 0x0000000000000000
                 0x0000000000000000 0x0000000000000000         0x0
  NULL           0x0000000000000000 0x1000000000000000 0xb000000000000000
                 0xb000000000000000 0xff00000000000000         0x40000000000000
  NULL           0x0000000000000000 0x0000000000000000 0x0000000000000000
                 0x0000000000000000 0x0000000000000000         0x0
  NULL           0x0000000000000000 0x0000000000000000 0x0000000000000000
                 0x0000000000000000 0x0000000000000000         0x0
  NULL           0x0000000000000000 0x0000000000000000 0x0000000000000000
                 0x0000000000000000 0x0000000000000000         0x0
  NULL           0x0000000000000000 0x0000000000000000 0x0000000000000000
                 0x0000000000000000 0x0000000000000000         0x0
  NULL           0x0000000000000000 0x0000000000000000 0x0000000000000000
                 0x0000000000000000 0x0000000000000000         0x0
  NULL           0x0000000000000000 0x0000000000000000 0x0000000000000000
                 0x0000000000002000 0x0000000000000000         0x0
  NULL           0x0000000000000000 0x0000000000000000 0x0000000000000000
                 0x0000000000000000 0x0000000000000000         0x0
  NULL           0x0000000000000000 0x0000000000000000 0x0000000006000000
                 0x0000000000000000 0x0000000000000000         0x0
  NULL           0x0000000000000000 0x0000000000000000 0x0000000000000000
                 0x0000000000000000 0x0000000000000000         0x0
  NULL           0x0000000000000000 0x0000000000000000 0x0000000000000000
                 0x0000000000000000 0x0000000000000000         0x0
  <unknown>: ffd 0x0000000000000000 0x0000000000000000 0x0000000000000000
                 0x0000000000000000 0x0000000000000000         0x3e000200000000
  LOAD           0x0000004000000000 0x0000002000000000 0x0000000000000000
                 0x0000000000000000 0xffffffffffffffff         0xffffffffffffffff
  TLS            0xffffffffffffffff 0xffffffffffffffff 0xffffffffffffffff
                 0xffffffffffffffff 0xffffffffffffffff  RWE    0x0
  NULL           0x0000000000000000 0x0000000000000000 0x0000000000000000
                 0x0000000000000000 0x0000000000000000         0x0
  NULL           0x0000000000000000 0x0000000000000000 0x0000000000000000
                 0x0000000000000000 0x0000000000000000         0x0
  NULL           0x0000000000000000 0x0000000000000000 0x0000000000000000
                 0x0000000000000000 0x0000000000000000         0x0
  LOAD           0x0000000000000000 0x0000000000000000 0x0000000000000000
                 0x0000000000000000 0x0000000000000000         0xfd0000

Dynamic section at offset 0x8b0 contains 0 entries:
  Tag        Type                         Name/Value

There are no relocations in this file.
No processor specific unwind information to decode

Dynamic symbol information is not available for displaying symbols.

No version information found in this file.
