ELF Header:
  Magic:   7f 45 4c 46 02 00 22 00 00 00 00 00 00 00 00 00 
  Class:                             ELF64
  Data:                              none
  Version:                           34 <unknown>
  OS/ABI:                            UNIX - System V
  ABI Version:                       0
  Type:                              EXEC (Executable file)
  Machine:                           Advanced Micro Devices X86-64
  Version:                           0x1
  Entry point address:               0x400080
  Start of program headers:          64 (bytes into file)
  Start of section headers:          0 (bytes into file)
  Flags:                             0x0
  Size of this header:               64 (bytes)
  Size of program headers:           56 (bytes)
  Number of program headers:         28
  Size of section headers:           64 (bytes)
  Number of section headers:         0
  Section header string table index: 0

There are no sections in this file.

There are no section groups in this file.

Program Headers:
  Type           Offset             VirtAddr           PhysAddr
                 FileSiz            MemSiz              Flags  Align
  LOAD           0x0000000000000010 0x00000000000000b0 0x00000000000000b0
                 0x0000000000000f01 0x0000000000001000  RW     0x1000
  DYNAMIC        0x00000000000008b0 0x00000000000009e0 0x0000000000000060
                 0x0000000000000008 0x0000000000000000  RW     0x0
  NULL           0x0000000000000000 0x0000000000000000 0x0000000000000000
                 0x0000000000000000 0x0000000000000000         0x0
  NULL           0x0000000000000000 0x0000000000000000 0x0000000000000000
                 0x0000000000000000 0x0000000000000000         0x0
  NULL           0x0000000000000000 0x0000000000000000 0x0000000000000000
                 0x0000000000000000 0x0000000000000000         0x0
  NULL           0x0000000000000000 0x0000000000000000 0x0000000000000000
                 0x0000000000000000 0x0000000000000000         0x0
  NULL           0x0000000000000000 0x0000000000000000 0x0000000000000000
                 0x0000000000000000 0x0000000000000000         0x0
  NULL           0x0000000000ebffff 0x0000000000000000 0x0000000000000000
                 0x0000000000000000 0x0000000000000000         0x0
  NULL           0x0000000000000000 0x0000000000000000 0x0000000000000000
                 0x0000000000000000 0x0000000000000000         0x0
  NULL           0x0000f90000000000 0x0000000000000000 0x0000000000000000
                 0x0000000000000000 0x0000000000000000         0x3
  NULL           0x0000000000000000 0x0000000000000000 0x0000000000000000
                 0x0000000000000000 0x0000000000000000         0x8
  NULL           0x0000000000000000 0x0000000000000000 0x0000000000000000
                 0x0000000000000000 0x0000000000000000         0x0
  NULL           0x0000000000000000 0x0000000000000000 0x0000000000000000
                 0x0000000000000000 0x0000000000000000         0x0
  NULL           0x0000000000000000 0x0000000000000000 0x0000000000000000
                 0x0000000000000000 0x0000000000000000         0x0
  NULL           0x0000000000000000 0x0000000000000000 0x0000000000000000
                 0x0000000000000000 0x0000000000000000         0x3
  NULL           0x0000000000000000 0x0000000000000000 0x0000000000000000
                 0x0000000000000000 0x0000000000000000         0x0
  NULL           0x0000000000000000 0x0000000000000000 0x0000000000000000
                 0x0000000000000000 0x0000000000000000         0x0
  LOAD           0x0000000000000000 0x00000000ff000000 0x0000000000000000
                 0x0000000000000000 0x0000000000000000         0x0
  NULL           0x0000000000000000 0x0000000000000000 0x0000000000000000
                 0x0000000000000000 0x0000000000000000         0x0
  NULL           0x0000000000000000 0x0000000000000000 0x0000000000000000
                 0x0000000000000000 0x0000000000000000         0x0
  NULL           0x0000000000000000 0x000000b200000000 0x0000000000000000
                 0x0000000000000000 0x0000000000000000         0x0
  NULL           0x0000000000000000 0x0000000000000000 0x0000000000000000
                 0x0000000000000000 0x0000000000000000         0x3e000200000000
  LOAD           0x0000004000000000 0x0000002000000000 0x0000000000000000
                 0x0000000000000000 0x00000000e0000000         0x0
  NULL           0x0000000000000000 0x0000000000000000 0x0000000000000000
                 0x0000000000000000 0x0000000000000000         0x0
  NULL           0x0000000000000000 0x0000000000000000 0x0000000000000000
                 0x0000000000000000 0x0000000000000000         0x0
  TLS            0x0000000000000000 0x0000000000000000 0x0000000000000000
                 0x0000000000000000 0x0000000000000000         0x0
  NULL           0x0000000000000000 0x0000000000000000 0x0000000000000000
                 0x0000000000000000 0x0000000001000000         0x0
  NULL           0x0000000000000000 0x0000000000000000 0x0000000000000000
                 0x0000000000000000 0x0000000000000000         0x0

Dynamic section at offset 0x8b0 contains 0 entries:
  Tag        Type                         Name/Value

There are no relocations in this file.
No processor specific unwind information to decode

Dynamic symbol information is not available for displaying symbols.

No version information found in this file.
