Format: ELF 64-bit
FileHeader {
    Ident {
        Magic: [7F, 45, 4C, 46]
        Class: ELFCLASS64 (0x2)
        Data: ELFDATA2LSB (0x1)
        Version: EV_CURRENT (0x1)
        OsAbi: ELFOSABI_SYSV (0x0)
        AbiVersion: 0x0
        Unused: [0, 0, 0, 0, 0, 0, 0]
    }
    Type: ET_EXEC (0x2)
    Machine: EM_X86_64 (0x3E)
    Version: EV_CURRENT (0x1)
    Entry: 0x400080
    ProgramHeaderOffset: 0x40
    SectionHeaderOffset: 0x0
    Flags: 0x0
    HeaderSize: 0x40
    ProgramHeaderEntrySize: 0x38
    ProgramHeaderCount: 2
    SectionHeaderEntrySize: 0x40
    SectionHeaderCount: 0
    SectionHeaderStringTableIndex: SHN_UNDEF (0x0)
}
ProgramHeader {
    Type: PT_LOAD (0x1)
    Offset: 0xB0
    VirtualAddress: 0xB0
    PhysicalAddress: 0xB0
    FileSize: 0x1000
    MemorySize: 0x1000
    Flags: 0x6
        PF_W (0x2)
        PF_R (0x4)
    Align: 0x1000
}
ProgramHeader {
    Type: PT_DYNAMIC (0x2)
    Offset: 0x8B0
    VirtualAddress: 0x8B0
    PhysicalAddress: 0x0
    FileSize: 0x40
    MemorySize: 0x40
    Flags: 0x6
        PF_W (0x2)
        PF_R (0x4)
    Align: 0x8
    Dynamic {
        Tag: DT_SYMTAB (0x6)
        Value: 0x900
    }
    Dynamic {
        Tag: DT_SYMENT (0xB)
        Value: 0x0
    }
    Dynamic {
        Tag: DT_HASH (0x4)
        Value: 0x980
    }
    Dynamic {
        Tag: DT_NULL (0x0)
        Value: 0x0
    }
}
