Format: ELF 64-bit
FileHeader {
    Ident {
        Magic: [7F, 45, 4C, 46]
        Class: ELFCLASS64 (0x2)
        Data: ELFDATA2LSB (0x1)
        Version: EV_CURRENT (0x1)
        OsAbi: ELFOSABI_SYSV (0x0)
        AbiVersion: 0x0
        Unused: [0, 0, 0, 0, 0, 0, 0]
    }
    Type: ET_EXEC (0x2)
    Machine: EM_X86_64 (0x3E)
    Version: EV_CURRENT (0x1)
    Entry: 0x400080
    ProgramHeaderOffset: 0x40
    SectionHeaderOffset: 0x0
    Flags: 0x0
    HeaderSize: 0x40
    ProgramHeaderEntrySize: 0x38
    ProgramHeaderCount: 2
    SectionHeaderEntrySize: 0x4F
    SectionHeaderCount: 16
    SectionHeaderStringTableIndex: SHN_UNDEF (0x0)
}
ProgramHeader {
    Type: PT_LOAD (0x1)
    Offset: 0x0
    VirtualAddress: 0xB0000000
    PhysicalAddress: 0x100000000000000
    FileSize: 0x105010000
    MemorySize: 0x1AF000000
    Flags: 0x6
        PF_W (0x2)
        PF_R (0x4)
    Align: 0x1
}
ProgramHeader {
    Type: PT_DYNAMIC (0x2)
    Offset: 0xE
    VirtualAddress: 0xB0000000
    PhysicalAddress: 0x7F3E00020000
    FileSize: 0xFFFFB00000800000
    MemorySize: 0x0
    Flags: 0x0
    Align: 0x64000010000000
}
