Format: ELF 64-bit
FileHeader {
    Ident {
        Magic: [7F, 45, 4C, 46]
        Class: ELFCLASS64 (0x2)
        Data: ELFDATA2LSB (0x1)
        Version: EV_CURRENT (0x1)
        OsAbi: ELFOSABI_SYSV (0x0)
        AbiVersion: 0x0
        Unused: [0, 0, 0, 0, 0, 0, 0]
    }
    Type: ET_EXEC (0x2)
    Machine: EM_X86_64 (0x3E)
    Version: EV_CURRENT (0x1)
    Entry: 0x400080
    ProgramHeaderOffset: 0x40
    SectionHeaderOffset: 0x0
    Flags: 0x0
    HeaderSize: 0x40
    ProgramHeaderEntrySize: 0x38
    ProgramHeaderCount: 2
    SectionHeaderEntrySize: 0x40
    SectionHeaderCount: 0
    SectionHeaderStringTableIndex: SHN_UNDEF (0x0)
}
ProgramHeader {
    Type: PT_LOAD (0x1)
    Offset: 0x0
    VirtualAddress: 0xB0000000
    PhysicalAddress: 0xB0000000
    FileSize: 0xB0000000
    MemorySize: 0x1000000000
    Flags: PF_X (0x1)
    Align: 0x600000002000000
}
ProgramHeader {
    Type: PT_LOAD (0x1)
    Offset: 0x8B0000000
    VirtualAddress: 0x60000000
    PhysicalAddress: 0x60000000
    FileSize: 0x60000000
    MemorySize: 0x8000000
    Flags: PF_R (0x4)
    Align: 0x0
}
