Format: ELF 64-bit
FileHeader {
    Ident {
        Magic: [7F, 45, 4C, 46]
        Class: ELFCLASS64 (0x2)
        Data: ELFDATA2LSB (0x1)
        Version: EV_CURRENT (0x1)
        OsAbi: ELFOSABI_SYSV (0x0)
        AbiVersion: 0x0
        Unused: [0, 0, 0, 0, 0, 0, 0]
    }
    Type: ET_DYN (0x3)
    Machine: EM_X86_64 (0x3E)
    Version: EV_CURRENT (0x1)
    Entry: 0x0
    ProgramHeaderOffset: 0x40
    SectionHeaderOffset: 0x3518
    Flags: 0x0
    HeaderSize: 0x40
    ProgramHeaderEntrySize: 0x38
    ProgramHeaderCount: 11
    SectionHeaderEntrySize: 0x40
    SectionHeaderCount: 27
    SectionHeaderStringTableIndex: 26
}
ProgramHeader {
    Type: PT_LOAD (0x1)
    Offset: 0x0
    VirtualAddress: 0x0
    PhysicalAddress: 0x0
    FileSize: 0x518
    MemorySize: 0x518
    Flags: PF_R (0x4)
    Align: 0x1000
}
ProgramHeader {
    Type: PT_LOAD (0x1)
    Offset: 0x1000
    VirtualAddress: 0x1000
    PhysicalAddress: 0x1000
    FileSize: 0x159
    MemorySize: 0x159
    Flags: 0x5
        PF_X (0x1)
        PF_R (0x4)
    Align: 0x1000
}
ProgramHeader {
    Type: PT_LOAD (0x1)
    Offset: 0x2000
    VirtualAddress: 0x2000
    PhysicalAddress: 0x2000
    FileSize: 0xEC
    MemorySize: 0xEC
    Flags: PF_R (0x4)
    Align: 0x1000
}
ProgramHeader {
    Type: PT_LOAD (0x1)
    Offset: 0x2E30
    VirtualAddress: 0x3E30
    PhysicalAddress: 0x3E30
    FileSize: 0x1E4
    MemorySize: 0x1E8
    Flags: 0x6
        PF_W (0x2)
        PF_R (0x4)
    Align: 0x1000
}
ProgramHeader {
    Type: PT_DYNAMIC (0x2)
    Offset: 0x2E40
    VirtualAddress: 0x3E40
    PhysicalAddress: 0x3E40
    FileSize: 0xFFFFFFFFFFFFFE7F
    MemorySize: 0xFFFFFFFFFFFFFE7F
    Flags: 0x6
        PF_W (0x2)
        PF_R (0x4)
    Align: 0xFFFFFFFFFFFFFFF7
}
ProgramHeader {
    Type: 0xFFFFFFFB
    Offset: 0xFFFFFFFFFFFFFD57
    VirtualAddress: 0xFFFFFFFFFFFFFD57
    PhysicalAddress: 0xFFFFFFFFFFFFFD57
    FileSize: 0xFFFFFFFFFFFFFFDF
    MemorySize: 0x20
    Flags: 0xFFFFFFFB
        PF_X (0x1)
        PF_W (0x2)
        <other> (0xFFFFFFF8)
    Align: 0x8
}
ProgramHeader {
    Type: PT_NOTE (0x4)
    Offset: 0x2C8
    VirtualAddress: 0x2C8
    PhysicalAddress: 0x2C8
    FileSize: 0x24
    MemorySize: 0x24
    Flags: PF_R (0x4)
    Align: 0x4
    Note {
        Name: "GNU" (0x4)
        Type: NT_GNU_BUILD_ID (0x3)
        Desc: [CB, 70, 77, AB, 1B, 6, 93, AE, AA, FF, 58, D5, 32, A9, F0, 62, 7A, C8, AD, C8]
    }
}
ProgramHeader {
    Type: PT_GNU_PROPERTY (0x6474E553)
    Offset: 0x2A8
    VirtualAddress: 0x2A8
    PhysicalAddress: 0x2A8
    FileSize: 0x20
    MemorySize: 0x20
    Flags: PF_R (0x4)
    Align: 0x8
}
ProgramHeader {
    Type: PT_GNU_EH_FRAME (0x6474E550)
    Offset: 0x2000
    VirtualAddress: 0x2000
    PhysicalAddress: 0x2000
    FileSize: 0x34
    MemorySize: 0x34
    Flags: PF_R (0x4)
    Align: 0x4
}
ProgramHeader {
    Type: PT_GNU_STACK (0x6474E551)
    Offset: 0x0
    VirtualAddress: 0x0
    PhysicalAddress: 0x0
    FileSize: 0x0
    MemorySize: 0x0
    Flags: 0x6
        PF_W (0x2)
        PF_R (0x4)
    Align: 0x10
}
ProgramHeader {
    Type: PT_GNU_RELRO (0x6474E552)
    Offset: 0x2E30
    VirtualAddress: 0x3E30
    PhysicalAddress: 0x3E30
    FileSize: 0x1D0
    MemorySize: 0x1D0
    Flags: PF_R (0x4)
    Align: 0x1
}
SectionHeader {
    Index: 0
    Name: "" (0x0)
    Type: SHT_NULL (0x0)
    Flags: 0x0
    Address: 0x0
    Offset: 0x0
    Size: 0x0
    Link: 0
    Info: 0
    AddressAlign: 0x0
    EntrySize: 0x0
}
SectionHeader {
    Index: 1
    Name: ".note.gnu.property" (0x1B)
    Type: SHT_NOTE (0x7)
    Flags: SHF_ALLOC (0x2)
    Address: 0x2A8
    Offset: 0x2A8
    Size: 0x20
    Link: 0
    Info: 0
    AddressAlign: 0x8
    EntrySize: 0x0
    Note {
        Name: "GNU" (0x4)
        Type: NT_GNU_PROPERTY_TYPE_0 (0x5)
        Property {
            Type: GNU_PROPERTY_X86_FEATURE_1_AND (0xC0000002)
            Value: 0x3
                GNU_PROPERTY_X86_FEATURE_1_IBT (0x1)
                GNU_PROPERTY_X86_FEATURE_1_SHSTK (0x2)
        }
    }
}
SectionHeader {
    Index: 2
    Name: ".note.gnu.build-id" (0x2E)
    Type: SHT_NOTE (0x7)
    Flags: SHF_ALLOC (0x2)
    Address: 0x2C8
    Offset: 0x2C8
    Size: 0x24
    Link: 0
    Info: 0
    AddressAlign: 0x4
    EntrySize: 0x0
    Note {
        Name: "GNU" (0x4)
        Type: NT_GNU_BUILD_ID (0x3)
        Desc: [CB, 70, 77, AB, 1B, 6, 93, AE, AA, FF, 58, D5, 32, A9, F0, 62, 7A, C8, AD, C8]
    }
}
SectionHeader {
    Index: 3
    Name: ".gnu.hash" (0x41)
    Type: SHT_GNU_HASH (0x6FFFFFF6)
    Flags: SHF_ALLOC (0x2)
    Address: 0x2F0
    Offset: 0x2F0
    Size: 0x30
    Link: 4
    Info: 0
    AddressAlign: 0x8
    EntrySize: 0x0
    GnuHash {
        BucketCount: 3
        SymbolBase: 5
        BloomCount: 1
        BloomShift: 6
    }
}
SectionHeader {
    Index: 4
    Name: ".dynsym" (0x4B)
    Type: SHT_DYNSYM (0xB)
    Flags: SHF_ALLOC (0x2)
    Address: 0x320
    Offset: 0x320
    Size: 0xC0
    Link: 5
    Info: 1
    AddressAlign: 0x8
    EntrySize: 0x18
}
SectionHeader {
    Index: 5
    Name: ".dynstr" (0x53)
    Type: SHT_STRTAB (0x3)
    Flags: SHF_ALLOC (0x2)
    Address: 0x3E0
    Offset: 0x3E0
    Size: 0x5E
    Link: 0
    Info: 0
    AddressAlign: 0x1
    EntrySize: 0x0
}
SectionHeader {
    Index: 6
    Name: ".rela.dyn" (0x5B)
    Type: SHT_RELA (0x4)
    Flags: SHF_ALLOC (0x2)
    Address: 0x440
    Offset: 0x440
    Size: 0xC0
    Link: 4
    Info: 0
    AddressAlign: 0x8
    EntrySize: 0x18
    Relocation {
        Offset: 0x3E30
        Type: R_X86_64_RELATIVE (0x8)
        Symbol: 0x0
        Addend: 0x1110
    }
    Relocation {
        Offset: 0x3E38
        Type: R_X86_64_RELATIVE (0x8)
        Symbol: 0x0
        Addend: 0x10D0
    }
    Relocation {
        Offset: 0x4008
        Type: R_X86_64_RELATIVE (0x8)
        Symbol: 0x0
        Addend: 0x4008
    }
    Relocation {
        Offset: 0x3FC0
        Type: R_X86_64_GLOB_DAT (0x6)
        Symbol: "__cxa_finalize" (0x1)
    }
    Relocation {
        Offset: 0x3FC8
        Type: R_X86_64_GLOB_DAT (0x6)
        Symbol: "g" (0x6)
    }
    Relocation {
        Offset: 0x3FD0
        Type: R_X86_64_GLOB_DAT (0x6)
        Symbol: "_ITM_registerTMCloneTable" (0x2)
    }
    Relocation {
        Offset: 0x3FD8
        Type: R_X86_64_GLOB_DAT (0x6)
        Symbol: "_ITM_deregisterTMCloneTable" (0x3)
    }
    Relocation {
        Offset: 0x3FE0
        Type: R_X86_64_GLOB_DAT (0x6)
        Symbol: "__gmon_start__" (0x4)
    }
}
SectionHeader {
    Index: 7
    Name: ".rela.plt" (0x65)
    Type: SHT_RELA (0x4)
    Flags: 0x42
        SHF_ALLOC (0x2)
        SHF_INFO_LINK (0x40)
    Address: 0x500
    Offset: 0x500
    Size: 0x18
    Link: 4
    Info: 20
    AddressAlign: 0x8
    EntrySize: 0x18
    Relocation {
        Offset: 0x4000
        Type: R_X86_64_JUMP_SLOT (0x7)
        Symbol: "f" (0x5)
    }
}
SectionHeader {
    Index: 8
    Name: ".init" (0x6F)
    Type: SHT_PROGBITS (0x1)
    Flags: 0x6
        SHF_ALLOC (0x2)
        SHF_EXECINSTR (0x4)
    Address: 0x1000
    Offset: 0x1000
    Size: 0x1B
    Link: 0
    Info: 0
    AddressAlign: 0x4
    EntrySize: 0x0
}
SectionHeader {
    Index: 9
    Name: ".plt" (0x6A)
    Type: SHT_PROGBITS (0x1)
    Flags: 0x6
        SHF_ALLOC (0x2)
        SHF_EXECINSTR (0x4)
    Address: 0x1020
    Offset: 0x1020
    Size: 0x20
    Link: 0
    Info: 0
    AddressAlign: 0x10
    EntrySize: 0x10
}
SectionHeader {
    Index: 10
    Name: ".plt.got" (0x75)
    Type: SHT_PROGBITS (0x1)
    Flags: 0x6
        SHF_ALLOC (0x2)
        SHF_EXECINSTR (0x4)
    Address: 0x1040
    Offset: 0x1040
    Size: 0x10
    Link: 0
    Info: 0
    AddressAlign: 0x10
    EntrySize: 0x10
}
SectionHeader {
    Index: 11
    Name: ".plt.sec" (0x7E)
    Type: SHT_PROGBITS (0x1)
    Flags: 0x6
        SHF_ALLOC (0x2)
        SHF_EXECINSTR (0x4)
    Address: 0x1050
    Offset: 0x1050
    Size: 0x10
    Link: 0
    Info: 0
    AddressAlign: 0x10
    EntrySize: 0x10
}
SectionHeader {
    Index: 12
    Name: ".text" (0x87)
    Type: SHT_PROGBITS (0x1)
    Flags: 0x6
        SHF_ALLOC (0x2)
        SHF_EXECINSTR (0x4)
    Address: 0x1060
    Offset: 0x1060
    Size: 0xEA
    Link: 0
    Info: 0
    AddressAlign: 0x10
    EntrySize: 0x0
}
SectionHeader {
    Index: 13
    Name: ".fini" (0x8D)
    Type: SHT_PROGBITS (0x1)
    Flags: 0x6
        SHF_ALLOC (0x2)
        SHF_EXECINSTR (0x4)
    Address: 0x114C
    Offset: 0x114C
    Size: 0xD
    Link: 0
    Info: 0
    AddressAlign: 0x4
    EntrySize: 0x0
}
SectionHeader {
    Index: 14
    Name: ".eh_frame_hdr" (0x93)
    Type: SHT_PROGBITS (0x1)
    Flags: SHF_ALLOC (0x2)
    Address: 0x2000
    Offset: 0x2000
    Size: 0x34
    Link: 0
    Info: 0
    AddressAlign: 0x4
    EntrySize: 0x0
}
SectionHeader {
    Index: 15
    Name: ".eh_frame" (0xA1)
    Type: SHT_PROGBITS (0x1)
    Flags: SHF_ALLOC (0x2)
    Address: 0x2038
    Offset: 0x2038
    Size: 0xB4
    Link: 0
    Info: 0
    AddressAlign: 0x8
    EntrySize: 0x0
}
SectionHeader {
    Index: 16
    Name: ".init_array" (0xAB)
    Type: SHT_INIT_ARRAY (0xE)
    Flags: 0x3
        SHF_WRITE (0x1)
        SHF_ALLOC (0x2)
    Address: 0x3E30
    Offset: 0x2E30
    Size: 0x8
    Link: 0
    Info: 0
    AddressAlign: 0x8
    EntrySize: 0x8
}
SectionHeader {
    Index: 17
    Name: ".fini_array" (0xB7)
    Type: SHT_FINI_ARRAY (0xF)
    Flags: 0x3
        SHF_WRITE (0x1)
        SHF_ALLOC (0x2)
    Address: 0x3E38
    Offset: 0x2E38
    Size: 0x8
    Link: 0
    Info: 0
    AddressAlign: 0x8
    EntrySize: 0x8
}
SectionHeader {
    Index: 18
    Name: ".dynamic" (0xC3)
    Type: SHT_DYNAMIC (0x6)
    Flags: 0x3
        SHF_WRITE (0x1)
        SHF_ALLOC (0x2)
    Address: 0x3E40
    Offset: 0x2E40
    Size: 0x180
    Link: 5
    Info: 0
    AddressAlign: 0x8
    EntrySize: 0x10
    Dynamic {
        Tag: DT_INIT (0xC)
        Value: 0x1000
    }
    Dynamic {
        Tag: DT_FINI (0xD)
        Value: 0x114C
    }
    Dynamic {
        Tag: DT_INIT_ARRAY (0x19)
        Value: 0x3E30
    }
    Dynamic {
        Tag: DT_INIT_ARRAYSZ (0x1B)
        Value: 0x8
    }
    Dynamic {
        Tag: DT_FINI_ARRAY (0x1A)
        Value: 0x3E38
    }
    Dynamic {
        Tag: DT_FINI_ARRAYSZ (0x1C)
        Value: 0x8
    }
    Dynamic {
        Tag: DT_GNU_HASH (0x6FFFFEF5)
        Value: 0x2F0
    }
    Dynamic {
        Tag: DT_STRTAB (0x5)
        Value: 0x3E0
    }
    Dynamic {
        Tag: DT_SYMTAB (0x6)
        Value: 0x320
    }
    Dynamic {
        Tag: DT_STRSZ (0xA)
        Value: 0x5E
    }
    Dynamic {
        Tag: DT_SYMENT (0xB)
        Value: 0x18
    }
    Dynamic {
        Tag: DT_PLTGOT (0x3)
        Value: 0x3FE8
    }
    Dynamic {
        Tag: DT_PLTRELSZ (0x2)
        Value: 0x18
    }
    Dynamic {
        Tag: DT_PLTREL (0x14)
        Value: 0x7
    }
    Dynamic {
        Tag: DT_JMPREL (0x17)
        Value: 0x500
    }
    Dynamic {
        Tag: DT_RELA (0x7)
        Value: 0x440
    }
    Dynamic {
        Tag: DT_RELASZ (0x8)
        Value: 0xC0
    }
    Dynamic {
        Tag: DT_RELAENT (0x9)
        Value: 0x18
    }
    Dynamic {
        Tag: DT_RELACOUNT (0x6FFFFFF9)
        Value: 0x3
    }
    Dynamic {
        Tag: DT_NULL (0x0)
        Value: 0x0
    }
}
SectionHeader {
    Index: 19
    Name: ".got" (0x79)
    Type: SHT_PROGBITS (0x1)
    Flags: 0x3
        SHF_WRITE (0x1)
        SHF_ALLOC (0x2)
    Address: 0x3FC0
    Offset: 0x2FC0
    Size: 0x28
    Link: 0
    Info: 0
    AddressAlign: 0x8
    EntrySize: 0x8
}
SectionHeader {
    Index: 20
    Name: ".got.plt" (0xCC)
    Type: SHT_PROGBITS (0x1)
    Flags: 0x3
        SHF_WRITE (0x1)
        SHF_ALLOC (0x2)
    Address: 0x3FE8
    Offset: 0x2FE8
    Size: 0x20
    Link: 0
    Info: 0
    AddressAlign: 0x8
    EntrySize: 0x8
}
SectionHeader {
    Index: 21
    Name: ".data" (0xD5)
    Type: SHT_PROGBITS (0x1)
    Flags: 0x3
        SHF_WRITE (0x1)
        SHF_ALLOC (0x2)
    Address: 0x4008
    Offset: 0x3008
    Size: 0xC
    Link: 0
    Info: 0
    AddressAlign: 0x8
    EntrySize: 0x0
}
SectionHeader {
    Index: 22
    Name: ".bss" (0xDB)
    Type: SHT_NOBITS (0x8)
    Flags: 0x3
        SHF_WRITE (0x1)
        SHF_ALLOC (0x2)
    Address: 0x4014
    Offset: 0x3014
    Size: 0x4
    Link: 0
    Info: 0
    AddressAlign: 0x1
    EntrySize: 0x0
}
SectionHeader {
    Index: 23
    Name: ".comment" (0xE0)
    Type: SHT_PROGBITS (0x1)
    Flags: 0x30
        SHF_MERGE (0x10)
        SHF_STRINGS (0x20)
    Address: 0x0
    Offset: 0x3014
    Size: 0x2D
    Link: 0
    Info: 0
    AddressAlign: 0x1
    EntrySize: 0x1
}
SectionHeader {
    Index: 24
    Name: ".symtab" (0x1)
    Type: SHT_SYMTAB (0x2)
    Flags: 0x0
    Address: 0x0
    Offset: 0x3048
    Size: 0x288
    Link: 25
    Info: 20
    AddressAlign: 0x8
    EntrySize: 0x18
    Symbol {
        Index: 0
        Name: 0x0
        Value: 0x0
        Size: 0x0
        Type: STT_NOTYPE (0x0)
        Bind: STB_LOCAL (0x0)
        Other: STV_DEFAULT (0x0)
        SectionIndex: SHN_UNDEF (0x0)
    }
    Symbol {
        Index: 1
        Name: "crtstuff.c" (0x1)
        Value: 0x0
        Size: 0x0
        Type: STT_FILE (0x4)
        Bind: STB_LOCAL (0x0)
        Other: STV_DEFAULT (0x0)
        SectionIndex: SHN_ABS (0xFFF1)
    }
    Symbol {
        Index: 2
        Name: "deregister_tm_clones" (0xC)
        Value: 0x1060
        Size: 0x0
        Type: STT_FUNC (0x2)
        Bind: STB_LOCAL (0x0)
        Other: STV_DEFAULT (0x0)
        SectionIndex: 12
    }
    Symbol {
        Index: 3
        Name: "register_tm_clones" (0xE)
        Value: 0x1090
        Size: 0x0
        Type: STT_FUNC (0x2)
        Bind: STB_LOCAL (0x0)
        Other: STV_DEFAULT (0x0)
        SectionIndex: 12
    }
    Symbol {
        Index: 4
        Name: "__do_global_dtors_aux" (0x21)
        Value: 0x10D0
        Size: 0x0
        Type: STT_FUNC (0x2)
        Bind: STB_LOCAL (0x0)
        Other: STV_DEFAULT (0x0)
        SectionIndex: 12
    }
    Symbol {
        Index: 5
        Name: "completed.0" (0x37)
        Value: 0x4014
        Size: 0x1
        Type: STT_OBJECT (0x1)
        Bind: STB_LOCAL (0x0)
        Other: STV_DEFAULT (0x0)
        SectionIndex: 22
    }
    Symbol {
        Index: 6
        Name: "__do_global_dtors_aux_fini_array_entry" (0x43)
        Value: 0x3E38
        Size: 0x0
        Type: STT_OBJECT (0x1)
        Bind: STB_LOCAL (0x0)
        Other: STV_DEFAULT (0x0)
        SectionIndex: 17
    }
    Symbol {
        Index: 7
        Name: "frame_dummy" (0x6A)
        Value: 0x1110
        Size: 0x0
        Type: STT_FUNC (0x2)
        Bind: STB_LOCAL (0x0)
        Other: STV_DEFAULT (0x0)
        SectionIndex: 12
    }
    Symbol {
        Index: 8
        Name: "__frame_dummy_init_array_entry" (0x76)
        Value: 0x3E30
        Size: 0x0
        Type: STT_OBJECT (0x1)
        Bind: STB_LOCAL (0x0)
        Other: STV_DEFAULT (0x0)
        SectionIndex: 16
    }
    Symbol {
        Index: 9
        Name: "s.c" (0x95)
        Value: 0x0
        Size: 0x0
        Type: STT_FILE (0x4)
        Bind: STB_LOCAL (0x0)
        Other: STV_DEFAULT (0x0)
        SectionIndex: SHN_ABS (0xFFF1)
    }
    Symbol {
        Index: 10
        Name: "crtstuff.c" (0x1)
        Value: 0x0
        Size: 0x0
        Type: STT_FILE (0x4)
        Bind: STB_LOCAL (0x0)
        Other: STV_DEFAULT (0x0)
        SectionIndex: SHN_ABS (0xFFF1)
    }
    Symbol {
        Index: 11
        Name: "__FRAME_END__" (0x99)
        Value: 0x20E8
        Size: 0x0
        Type: STT_OBJECT (0x1)
        Bind: STB_LOCAL (0x0)
        Other: STV_DEFAULT (0x0)
        SectionIndex: 15
    }
    Symbol {
        Index: 12
        Name: "" (0x0)
        Value: 0x0
        Size: 0x0
        Type: STT_FILE (0x4)
        Bind: STB_LOCAL (0x0)
        Other: STV_DEFAULT (0x0)
        SectionIndex: SHN_ABS (0xFFF1)
    }
    Symbol {
        Index: 13
        Name: "_DYNAMIC" (0xA7)
        Value: 0x3E40
        Size: 0x0
        Type: STT_OBJECT (0x1)
        Bind: STB_LOCAL (0x0)
        Other: STV_DEFAULT (0x0)
        SectionIndex: 18
    }
    Symbol {
        Index: 14
        Name: "__TMC_END__" (0xB0)
        Value: 0x4018
        Size: 0x0
        Type: STT_OBJECT (0x1)
        Bind: STB_LOCAL (0x0)
        Other: STV_DEFAULT (0x0)
        SectionIndex: 21
    }
    Symbol {
        Index: 15
        Name: "__dso_handle" (0xBC)
        Value: 0x4008
        Size: 0x0
        Type: STT_OBJECT (0x1)
        Bind: STB_LOCAL (0x0)
        Other: STV_DEFAULT (0x0)
        SectionIndex: 21
    }
    Symbol {
        Index: 16
        Name: "_init" (0xC9)
        Value: 0x1000
        Size: 0x0
        Type: STT_FUNC (0x2)
        Bind: STB_LOCAL (0x0)
        Other: STV_DEFAULT (0x0)
        SectionIndex: 8
    }
    Symbol {
        Index: 17
        Name: "__GNU_EH_FRAME_HDR" (0xCF)
        Value: 0x2000
        Size: 0x0
        Type: STT_NOTYPE (0x0)
        Bind: STB_LOCAL (0x0)
        Other: STV_DEFAULT (0x0)
        SectionIndex: 14
    }
    Symbol {
        Index: 18
        Name: "_fini" (0xE2)
        Value: 0x114C
        Size: 0x0
        Type: STT_FUNC (0x2)
        Bind: STB_LOCAL (0x0)
        Other: STV_DEFAULT (0x0)
        SectionIndex: 13
    }
    Symbol {
        Index: 19
        Name: "_GLOBAL_OFFSET_TABLE_" (0xE8)
        Value: 0x3FE8
        Size: 0x0
        Type: STT_OBJECT (0x1)
        Bind: STB_LOCAL (0x0)
        Other: STV_DEFAULT (0x0)
        SectionIndex: 20
    }
    Symbol {
        Index: 20
        Name: "f" (0xFE)
        Value: 0x1119
        Size: 0x1D
        Type: STT_FUNC (0x2)
        Bind: STB_GLOBAL (0x1)
        Other: STV_DEFAULT (0x0)
        SectionIndex: 12
    }
    Symbol {
        Index: 21
        Name: "__cxa_finalize" (0x100)
        Value: 0x0
        Size: 0x0
        Type: STT_NOTYPE (0x0)
        Bind: STB_WEAK (0x2)
        Other: STV_DEFAULT (0x0)
        SectionIndex: SHN_UNDEF (0x0)
    }
    Symbol {
        Index: 22
        Name: "g" (0x10F)
        Value: 0x4010
        Size: 0x4
        Type: STT_OBJECT (0x1)
        Bind: STB_GLOBAL (0x1)
        Other: STV_DEFAULT (0x0)
        SectionIndex: 21
    }
    Symbol {
        Index: 23
        Name: "_ITM_registerTMCloneTable" (0x111)
        Value: 0x0
        Size: 0x0
        Type: STT_NOTYPE (0x0)
        Bind: STB_WEAK (0x2)
        Other: STV_DEFAULT (0x0)
        SectionIndex: SHN_UNDEF (0x0)
    }
    Symbol {
        Index: 24
        Name: "_ITM_deregisterTMCloneTable" (0x12B)
        Value: 0x0
        Size: 0x0
        Type: STT_NOTYPE (0x0)
        Bind: STB_WEAK (0x2)
        Other: STV_DEFAULT (0x0)
        SectionIndex: SHN_UNDEF (0x0)
    }
    Symbol {
        Index: 25
        Name: "main" (0x147)
        Value: 0x1136
        Size: 0x14
        Type: STT_FUNC (0x2)
        Bind: STB_GLOBAL (0x1)
        Other: STV_DEFAULT (0x0)
        SectionIndex: 12
    }
    Symbol {
        Index: 26
        Name: "__gmon_start__" (0x14C)
        Value: 0x0
        Size: 0x0
        Type: STT_NOTYPE (0x0)
        Bind: STB_WEAK (0x2)
        Other: STV_DEFAULT (0x0)
        SectionIndex: SHN_UNDEF (0x0)
    }
}
SectionHeader {
    Index: 25
    Name: ".strtab" (0x9)
    Type: SHT_STRTAB (0x3)
    Flags: 0x0
    Address: 0x0
    Offset: 0x32D0
    Size: 0x15B
    Link: 0
    Info: 0
    AddressAlign: 0x1
    EntrySize: 0x0
}
SectionHeader {
    Index: 26
    Name: ".shstrtab" (0x11)
    Type: SHT_STRTAB (0x3)
    Flags: 0x0
    Address: 0x0
    Offset: 0x342B
    Size: 0xE9
    Link: 0
    Info: 0
    AddressAlign: 0x1
    EntrySize: 0x0
}
