Format: ELF 64-bit
FileHeader {
    Ident {
        Magic: [7F, 45, 4C, 46]
        Class: ELFCLASS64 (0x2)
        Data: ELFDATA2LSB (0x1)
        Version: EV_CURRENT (0x1)
        OsAbi: ELFOSABI_SYSV (0x0)
        AbiVersion: 0x0
        Unused: [0, 0, 0, 0, 0, 0, 0]
    }
    Type: ET_EXEC (0x2)
    Machine: EM_X86_64 (0x3E)
    Version: EV_CURRENT (0x1)
    Entry: 0x400080
    ProgramHeaderOffset: 0x40
    SectionHeaderOffset: 0xB0
    Flags: 0x0
    HeaderSize: 0x40
    ProgramHeaderEntrySize: 0x38
    ProgramHeaderCount: 0
    SectionHeaderEntrySize: 0x40
    SectionHeaderCount: 2
    SectionHeaderStringTableIndex: 1
}
SectionHeader {
    Index: 0
    Name: "" (0x0)
    Type: SHT_NULL (0x0)
    Flags: 0x0
    Address: 0x0
    Offset: 0x0
    Size: 0x0
    Link: 0
    Info: 0
    AddressAlign: 0x0
    EntrySize: 0x0
}
SectionHeader {
    Index: 1
    Name: "" (0x0)
    Type: SHT_SYMTAB (0x2)
    Flags: 0x0
    Address: 0x0
    Offset: 0x78
    Size: 0x18
    Link: 0
    Info: 0
    AddressAlign: 0x0
    EntrySize: 0x18
    Symbol {
        Index: 0
        Name: 0x0
        Value: 0x0
        Size: 0x0
        Type: STT_NOTYPE (0x0)
        Bind: STB_LOCAL (0x0)
        Other: STV_DEFAULT (0x0)
        SectionIndex: SHN_UNDEF (0x0)
    }
}
