Format: ELF 64-bit
FileHeader {
    Ident {
        Magic: [7F, 45, 4C, 46]
        Class: ELFCLASS64 (0x2)
        Data: ELFDATA2LSB (0x1)
        Version: EV_CURRENT (0x1)
        OsAbi: ELFOSABI_SYSV (0x0)
        AbiVersion: 0x0
        Unused: [0, 0, 0, 0, 0, 0, 0]
    }
    Type: ET_EXEC (0x2)
    Machine: EM_X86_64 (0x3E)
    Version: EV_CURRENT (0x1)
    Entry: 0x400080
    ProgramHeaderOffset: 0x40
    SectionHeaderOffset: 0xB0
    Flags: 0x0
    HeaderSize: 0x40
    ProgramHeaderEntrySize: 0x38
    ProgramHeaderCount: 0
    SectionHeaderEntrySize: 0x40
    SectionHeaderCount: 4
    SectionHeaderStringTableIndex: 1
}
SectionHeader {
    Index: 0
    Name: "" (0x0)
    Type: SHT_NULL (0x0)
    Flags: 0x0
    Address: 0x0
    Offset: 0x0
    Size: 0x0
    Link: 0
    Info: 0
    AddressAlign: 0x0
    EntrySize: 0x0
}
SectionHeader {
    Index: 1
    Name: ".shstrtab" (0x1)
    Type: SHT_STRTAB (0x3)
    Flags: 0x0
    Address: 0x0
    Offset: 0x1B0
    Size: 0x1C
    Link: 0
    Info: 0
    AddressAlign: 0x0
    EntrySize: 0x0
}
SectionHeader {
    Index: 2
    Name: ".dynstr" (0xB)
    Type: SHT_STRTAB (0x3)
    Flags: 0x0
    Address: 0x0
    Offset: 0x1D0
    Size: 0x1
    Link: 0
    Info: 0
    AddressAlign: 0x0
    EntrySize: 0x0
}
SectionHeader {
    Index: 3
    Name: ".version" (0x13)
    Type: SHT_GNU_VERNEED (0x6FFFFFFE)
    Flags: 0x0
    Address: 0x0
    Offset: 0x1E0
    Size: 0x8
    Link: 2
    Info: 1
    AddressAlign: 0x0
    EntrySize: 0x0
}
