ELF Header:
  Magic:   7f 45 4c 46 02 01 02 00 00 00 00 00 00 00 00 00
  Class:                             ELF64
  Data:                              2's complement, little endian
  Version:                           2 (current)
  OS/ABI:                            UNIX - System V
  ABI Version:                       0
  Type:                              EXEC (Executable file)
  Machine:                           Advanced Micro Devices X86-64
  Version:                           0x1
  Entry point address:               0x400080
  Start of program headers:          64 (bytes into file)
  Start of section headers:          0 (bytes into file)
  Flags:                             0x0
  Size of this header:               64 (bytes)
  Size of program headers:           56 (bytes)
  Number of program headers:         0
  Size of section headers:           64 (bytes)
  Number of section headers:         0
  Section header string table index: 0

There are no sections in this file.

There are no program headers in this file.

 Section to Segment mapping:
  Segment Sections...

There are no relocations in this file.
There are no section groups in this file.
