ELF Header:
  Magic:   7f 45 4c 46 02 01 21 00 00 e3 00 00 00 00 00 00
  Class:                             ELF64
  Data:                              2's complement, little endian
  Version:                           21 (current)
  OS/ABI:                            UNIX - System V
  ABI Version:                       0
  Type:                              EXEC (Executable file)
  Machine:                           Advanced Micro Devices X86-64
  Version:                           0x1
  Entry point address:               0x400080
  Start of program headers:          64 (bytes into file)
  Start of section headers:          0 (bytes into file)
  Flags:                             0x0
  Size of this header:               64 (bytes)
  Size of program headers:           56 (bytes)
  Number of program headers:         28
  Size of section headers:           64 (bytes)
  Number of section headers:         0
  Section header string table index: 0

There are no sections in this file.

Elf file type is EXEC (Executable file)
Entry point 0x400080
There are 28 program headers, starting at offset 64

Program Headers:
  Type           Offset   VirtAddr           PhysAddr           FileSiz  MemSiz   Flg Align
  LOAD           0x000010 0x00000000000000b0 0x00000000000000b0 0x000f01 0x001000 RW  0x1000
  DYNAMIC        0x0008b0 0x00000000000009f6 0x0000000000000060 0x000008 0x000000 RW  0x0
  NULL           0x000000 0x0000000000000000 0x0000000000000000 0x000000 0x000000     0x0
  NULL           0x000000 0x0000000000000000 0x0000000000000000 0x000000 0x000000     0x0
  NULL           0x000000 0x0000000000000000 0x0000000000000000 0x000000 0x000000     0x0
  NULL           0x000000 0x0000000000000000 0x0000000000000000 0x000000 0x000000     0x0
  NULL           0x000000 0x0000000000000000 0x0000000000000000 0x000000 0x000000     0x0
  NULL           0xebffff 0x0000000000000000 0x0000000000000000 0x000000 0x000000     0x0
  NULL           0x000000 0x0000000000000000 0x0000000000000000 0x000000 0x000000     0x0
  NULL           0x000000 0x0000000000000000 0x0000000000000000 0xf9000000 0x000000     0x0
  NULL           0x3000000000000 0x0000000000000000 0x0000000000000000 0x000000 0x000000     0x0
  NULL           0x000000 0x0000000000000000 0x0000000000000000 0x000000 0x000000     0x0
  NULL           0x000000 0x0000000000000000 0x0000000000000000 0x000000 0x000000     0x0
  NULL           0x000000 0x0000000000000000 0x00000000f0000000 0x000000 0x000000     0x0
  NULL           0x000000 0x0000000000000000 0x0000000000000000 0x000000 0x000000     0x0
  NULL           0x3000000000000 0x0000000000000000 0x0000000000000000 0x000000 0x000000     0x0
  NULL           0x000000 0x0000000000000000 0x0000000000000000 0x000000 0x000000     0x0
  NULL           0x000000 0x0000000000000000 0x0000000000000000 0x000000 0x00ff00     0x0
  NULL           0x000000 0x0000000000000000 0x0000000000000000 0x000000 0x000000     0x0
  NULL           0x000000 0x0000000000000000 0x0000000000000000 0x000000 0x000000     0x0
  NULL           0x000000 0x0080000000000000 0x0000000000000000 0x000000 0xb20000     0x0
  NULL           0x000000 0x0000000000000000 0x0000000000000000 0x000000 0x000000     0x0
  NULL           0x000000 0x0001003e00020000 0x0000004000800000 0x400000 0x200000     0x0
  NULL           0x00e000 0x0000000000000000 0x0000000000000000 0x000000 0x000000     0x0
  NULL           0x000000 0x0000000000000000 0x0000000000000000 0x000000 0x000000     0x0
  NULL           0x80ff0000000000 0x0007000000000000 0x0000000000000000 0x000000 0x000000     0x0
  NULL           0x000000 0x0000000000000000 0x0000000000000000 0x000000 0x000000     0x0
  NULL           0x000000 0x0000000000000000 0x0000000000170000 0x000000 0x000000     0x0

 Section to Segment mapping:
  Segment Sections...
   00     
   01     
   02     
   03     
   04     
   05     
   06     
   07     
   08     
   09     
   10     
   11     
   12     
   13     
   14     
   15     
   16     
   17     
   18     
   19     
   20     
   21     
   22     
   23     
   24     
   25     
   26     
   27     

There are no relocations in this file.
There are no section groups in this file.
