ELF Header:
  Magic:   7f 45 4c 46 02 01 01 00 00 00 00 00 00 00 00 00
  Class:                             ELF64
  Data:                              2's complement, little endian
  Version:                           1 (current)
  OS/ABI:                            UNIX - System V
  ABI Version:                       0
  Type:                              DYN (Shared object file)
  Machine:                           Advanced Micro Devices X86-64
  Version:                           0x1
  Entry point address:               0x0
  Start of program headers:          64 (bytes into file)
  Start of section headers:          13592 (bytes into file)
  Flags:                             0x0
  Size of this header:               64 (bytes)
  Size of program headers:           56 (bytes)
  Number of program headers:         11
  Size of section headers:           64 (bytes)
  Number of section headers:         27
  Section header string table index: 26
There are 27 section headers, starting at offset 0x3518:

Section Headers:
  [Nr] Name              Type            Address          Off    Size   ES Flg Lk Inf Al
  [ 0]                   NULL            0000000000000000 000000 000000 00      0   0  0
  [ 1] .note.gnu.property NOTE           00000000000002a8 0002a8 000020 00   A  0   0  8
  [ 2] .note.gnu.build-id NOTE           00000000000002c8 0002c8 000024 00   A  0   0  4
  [ 3] .gnu.hash         GNU_HASH        00000000000002f0 0002f0 000030 00   A  4   0  8
  [ 4] .dynsym           DYNSYM          0000000000000320 000320 0000c0 18   A  5   1  8
  [ 5] .dynstr           STRTAB          00000000000003e0 0003e0 00005e 00   A  0   0  1
  [ 6] .rela.dyn         RELA            0000000000000440 000440 0000c0 18   A  4   0  8
  [ 7] .rela.plt         RELA            0000000000000500 000500 000018 18  AI  4  20  8
  [ 8] .init             PROGBITS        0000000000001000 001000 00001b 00  AX  0   0  4
  [ 9] .plt              PROGBITS        0000000000001020 001020 000020 10  AX  0   0 16
  [10] .plt.got          PROGBITS        0000000000001040 001040 000010 10  AX  0   0 16
  [11] .plt.sec          PROGBITS        0000000000001050 001050 000010 10  AX  0   0 16
  [12] .text             PROGBITS        0000000000001060 001060 0000ea 00  AX  0   0 16
  [13] .fini             PROGBITS        000000000000114c 00114c 00000d 00  AX  0   0  4
  [14] .eh_frame_hdr     PROGBITS        0000000000002000 002000 000034 00   A  0   0  4
  [15] .eh_frame         PROGBITS        0000000000002038 002038 0000b4 00   A  0   0  8
  [16] .init_array       INIT_ARRAY      0000000000003e30 002e30 000008 08  WA  0   0  8
  [17] .fini_array       FINI_ARRAY      0000000000003e38 002e38 000008 08  WA  0   0  8
  [18] .dynamic          DYNAMIC         0000000000003e40 002e40 000180 10  WA  5   0  8
  [19] .got              PROGBITS        0000000000003fc0 002fc0 000028 08  WA  0   0  8
  [20] .got.plt          PROGBITS        0000000000003fe8 002fe8 000020 08  WA  0   0  8
  [21] .data             PROGBITS        0000000000004008 003008 00000c 00  WA  0   0  8
  [22] .bss              NOBITS          0000000000004014 003014 000004 00  WA  0   0  1
  [23] .comment          PROGBITS        0000000000000000 003014 00002d 01  MS  0   0  1
  [24] .symtab           SYMTAB          0000000000000000 003048 000288 18     25  20  8
  [25] .strtab           STRTAB          0000000000000000 0032d0 00015b 00      0   0  1
  [26] .shstrtab         STRTAB          0000000000000000 00342b 0000e9 00      0   0  1
Key to Flags:
  W (write), A (alloc), X (execute), M (merge), S (strings), I (info),
  L (link order), O (extra OS processing required), G (group), T (TLS),
  C (compressed), x (unknown), o (OS specific), E (exclude),
  R (retain), l (large), p (processor specific)

Elf file type is DYN (Shared object file)
Entry point 0x0
There are 11 program headers, starting at offset 64

Program Headers:
  Type           Offset   VirtAddr           PhysAddr           FileSiz  MemSiz   Flg Align
  LOAD           0x000000 0x0000000000000000 0x0000000000000000 0x000518 0x000518 R   0x1000
  LOAD           0x001000 0x0000000000001000 0x0000000000001000 0x000159 0x000159 R E 0x1000
  LOAD           0x002000 0x0000000000002000 0x0000000000002000 0x0000ec 0x0000ec R   0x1000
  LOAD           0x002e30 0x0000000000003e30 0x0000000000003e30 0x0001e4 0x0001e8 RW  0x1000
  DYNAMIC        0x002e40 0x0000000000003e40 0x0000000000003e40 0xfffffffffffffe7f 0xfffffffffffffe7f RW  0xfffffffffffffff7
  <unknown>: 0xfffffffb 0xfffffffffffffd57 0xfffffffffffffd57 0xfffffffffffffd57 0xffffffffffffffdf 0x000020  WE 0x8
  NOTE           0x0002c8 0x00000000000002c8 0x00000000000002c8 0x000024 0x000024 R   0x4
  GNU_PROPERTY   0x0002a8 0x00000000000002a8 0x00000000000002a8 0x000020 0x000020 R   0x8
  GNU_EH_FRAME   0x002000 0x0000000000002000 0x0000000000002000 0x000034 0x000034 R   0x4
  GNU_STACK      0x000000 0x0000000000000000 0x0000000000000000 0x000000 0x000000 RW  0x10
  GNU_RELRO      0x002e30 0x0000000000003e30 0x0000000000003e30 0x0001d0 0x0001d0 R   0x1

 Section to Segment mapping:
  Segment Sections...
   00     .note.gnu.property .note.gnu.build-id .gnu.hash .dynsym .dynstr .rela.dyn .rela.plt 
   01     .init .plt .plt.got .plt.sec .text .fini 
   02     .eh_frame_hdr .eh_frame 
   03     .init_array .fini_array .dynamic .got .got.plt .data .bss 
   04     
   05     
   06     .note.gnu.build-id 
   07     .note.gnu.property 
   08     .eh_frame_hdr 
   09     
   10     .init_array .fini_array .dynamic .got 
   None   .comment .symtab .strtab .shstrtab 
Dynamic section at offset 0x2e40 contains 20 entries:
  Tag                Type           Name/Value
  0x000000000000000c (INIT)         0x1000
  0x000000000000000d (FINI)         0x114c
  0x0000000000000019 (INIT_ARRAY)   0x3e30
  0x000000000000001b (INIT_ARRAYSZ) 8 (bytes)
  0x000000000000001a (FINI_ARRAY)   0x3e38
  0x000000000000001c (FINI_ARRAYSZ) 8 (bytes)
  0x000000006ffffef5 (GNU_HASH)     0x2f0
  0x0000000000000005 (STRTAB)       0x3e0
  0x0000000000000006 (SYMTAB)       0x320
  0x000000000000000a (STRSZ)        94 (bytes)
  0x000000000000000b (SYMENT)       24 (bytes)
  0x0000000000000003 (PLTGOT)       0x3fe8
  0x0000000000000002 (PLTRELSZ)     24 (bytes)
  0x0000000000000014 (PLTREL)       RELA
  0x0000000000000017 (JMPREL)       0x500
  0x0000000000000007 (RELA)         0x440
  0x0000000000000008 (RELASZ)       192 (bytes)
  0x0000000000000009 (RELAENT)      24 (bytes)
  0x000000006ffffff9 (RELACOUNT)    3
  0x0000000000000000 (NULL)         0x0

Relocation section '.rela.dyn' at offset 0x440 contains 8 entries:
    Offset             Info             Type               Symbol's Value  Symbol's Name + Addend
0000000000003e30  0000000000000008 R_X86_64_RELATIVE                 1110
0000000000003e38  0000000000000008 R_X86_64_RELATIVE                 10d0
0000000000004008  0000000000000008 R_X86_64_RELATIVE                 4008
0000000000003fc0  0000000100000006 R_X86_64_GLOB_DAT      0000000000000000 __cxa_finalize + 0
0000000000003fc8  0000000600000006 R_X86_64_GLOB_DAT      0000000000004010 g + 0
0000000000003fd0  0000000200000006 R_X86_64_GLOB_DAT      0000000000000000 _ITM_registerTMCloneTable + 0
0000000000003fd8  0000000300000006 R_X86_64_GLOB_DAT      0000000000000000 _ITM_deregisterTMCloneTable + 0
0000000000003fe0  0000000400000006 R_X86_64_GLOB_DAT      0000000000000000 __gmon_start__ + 0

Relocation section '.rela.plt' at offset 0x500 contains 1 entries:
    Offset             Info             Type               Symbol's Value  Symbol's Name + Addend
0000000000004000  0000000500000007 R_X86_64_JUMP_SLOT     0000000000001119 f + 0
EHFrameHeader {
  Address: 0x2000
  Offset: 0x2000
  Size: 0x34
  Corresponding Section: .eh_frame_hdr
  Header {
    version: 1
    eh_frame_ptr_enc: 0x1b
    fde_count_enc: 0x3
    table_enc: 0x3b
    eh_frame_ptr: 0x2038
    fde_count: 5
    entry 0 {
      initial_location: 0x1020
      address: 0x2050
    }
    entry 1 {
      initial_location: 0x1040
      address: 0x2078
    }
    entry 2 {
      initial_location: 0x1050
      address: 0x2090
    }
    entry 3 {
      initial_location: 0x1119
      address: 0x20a8
    }
    entry 4 {
      initial_location: 0x1136
      address: 0x20c8
    }
  }
}
.eh_frame section at offset 0x2038 address 0x2038:
  [0x2038] CIE length=20
    version: 1
    augmentation: zR
    code_alignment_factor: 1
    data_alignment_factor: -8
    return_address_register: 16

    Program:
      DW_CFA_def_cfa: reg7 +8
      DW_CFA_offset: reg16 -8
      DW_CFA_nop:
      DW_CFA_nop:

  [0x2050] FDE length=36 cie=[0x2038]
    initial_location: 0x1020
    address_range: 0x20 (end : 0x1040)

    Program:
      DW_CFA_def_cfa_offset: +16
      DW_CFA_advance_loc: 6
      DW_CFA_def_cfa_offset: +24
      DW_CFA_advance_loc: 10
      DW_CFA_def_cfa_expression: DW_OP_breg7 +8, DW_OP_breg16 +0, DW_OP_lit15, DW_OP_and, DW_OP_lit9, DW_OP_ge, DW_OP_lit3, DW_OP_shl, DW_OP_plus
      DW_CFA_nop:
      DW_CFA_nop:
      DW_CFA_nop:
      DW_CFA_nop:

  [0x2078] FDE length=20 cie=[0x2038]
    initial_location: 0x1040
    address_range: 0x10 (end : 0x1050)

    Program:
      DW_CFA_nop:
      DW_CFA_nop:
      DW_CFA_nop:
      DW_CFA_nop:
      DW_CFA_nop:
      DW_CFA_nop:
      DW_CFA_nop:

  [0x2090] FDE length=20 cie=[0x2038]
    initial_location: 0x1050
    address_range: 0x10 (end : 0x1060)

    Program:
      DW_CFA_nop:
      DW_CFA_nop:
      DW_CFA_nop:
      DW_CFA_nop:
      DW_CFA_nop:
      DW_CFA_nop:
      DW_CFA_nop:

  [0x20a8] FDE length=28 cie=[0x2038]
    initial_location: 0x1119
    address_range: 0x1d (end : 0x1136)

    Program:
      DW_CFA_advance_loc: 5
      DW_CFA_def_cfa_offset: +16
      DW_CFA_offset: reg6 -16
      DW_CFA_advance_loc: 3
      DW_CFA_def_cfa_register: reg6
      DW_CFA_advance_loc: 20
      DW_CFA_def_cfa: reg7 +8
      DW_CFA_nop:
      DW_CFA_nop:
      DW_CFA_nop:

  [0x20c8] FDE length=28 cie=[0x2038]
    initial_location: 0x1136
    address_range: 0x14 (end : 0x114a)

    Program:
      DW_CFA_advance_loc: 5
      DW_CFA_def_cfa_offset: +16
      DW_CFA_offset: reg6 -16
      DW_CFA_advance_loc: 3
      DW_CFA_def_cfa_register: reg6
      DW_CFA_advance_loc: 11
      DW_CFA_def_cfa: reg7 +8
      DW_CFA_nop:
      DW_CFA_nop:
      DW_CFA_nop:

  [0x20e8] CIE length=0
    version: 0
    augmentation: 
    code_alignment_factor: 0
    data_alignment_factor: 0
    return_address_register: 0

    Program:


Symbol table '.dynsym' contains 8 entries:
   Num:    Value          Size Type    Bind   Vis       Ndx Name
     0: 0000000000000000     0 NOTYPE  LOCAL  DEFAULT   UND 
     1: 0000000000000000     0 NOTYPE  WEAK   DEFAULT   UND __cxa_finalize
     2: 0000000000000000     0 NOTYPE  WEAK   DEFAULT   UND _ITM_registerTMCloneTable
     3: 0000000000000000     0 NOTYPE  WEAK   DEFAULT   UND _ITM_deregisterTMCloneTable
     4: 0000000000000000     0 NOTYPE  WEAK   DEFAULT   UND __gmon_start__
     5: 0000000000001119    29 FUNC    GLOBAL DEFAULT    12 f
     6: 0000000000004010     4 OBJECT  GLOBAL DEFAULT    21 g
     7: 0000000000001136    20 FUNC    GLOBAL DEFAULT    12 main

Symbol table '.symtab' contains 27 entries:
   Num:    Value          Size Type    Bind   Vis       Ndx Name
     0: 0000000000000000     0 NOTYPE  LOCAL  DEFAULT   UND 
     1: 0000000000000000     0 FILE    LOCAL  DEFAULT   ABS crtstuff.c
     2: 0000000000001060     0 FUNC    LOCAL  DEFAULT    12 deregister_tm_clones
     3: 0000000000001090     0 FUNC    LOCAL  DEFAULT    12 register_tm_clones
     4: 00000000000010d0     0 FUNC    LOCAL  DEFAULT    12 __do_global_dtors_aux
     5: 0000000000004014     1 OBJECT  LOCAL  DEFAULT    22 completed.0
     6: 0000000000003e38     0 OBJECT  LOCAL  DEFAULT    17 __do_global_dtors_aux_fini_array_entry
     7: 0000000000001110     0 FUNC    LOCAL  DEFAULT    12 frame_dummy
     8: 0000000000003e30     0 OBJECT  LOCAL  DEFAULT    16 __frame_dummy_init_array_entry
     9: 0000000000000000     0 FILE    LOCAL  DEFAULT   ABS s.c
    10: 0000000000000000     0 FILE    LOCAL  DEFAULT   ABS crtstuff.c
    11: 00000000000020e8     0 OBJECT  LOCAL  DEFAULT    15 __FRAME_END__
    12: 0000000000000000     0 FILE    LOCAL  DEFAULT   ABS 
    13: 0000000000003e40     0 OBJECT  LOCAL  DEFAULT    18 _DYNAMIC
    14: 0000000000004018     0 OBJECT  LOCAL  DEFAULT    21 __TMC_END__
    15: 0000000000004008     0 OBJECT  LOCAL  DEFAULT    21 __dso_handle
    16: 0000000000001000     0 FUNC    LOCAL  DEFAULT     8 _init
    17: 0000000000002000     0 NOTYPE  LOCAL  DEFAULT    14 __GNU_EH_FRAME_HDR
    18: 000000000000114c     0 FUNC    LOCAL  DEFAULT    13 _fini
    19: 0000000000003fe8     0 OBJECT  LOCAL  DEFAULT    20 _GLOBAL_OFFSET_TABLE_
    20: 0000000000001119    29 FUNC    GLOBAL DEFAULT    12 f
    21: 0000000000000000     0 NOTYPE  WEAK   DEFAULT   UND __cxa_finalize
    22: 0000000000004010     4 OBJECT  GLOBAL DEFAULT    21 g
    23: 0000000000000000     0 NOTYPE  WEAK   DEFAULT   UND _ITM_registerTMCloneTable
    24: 0000000000000000     0 NOTYPE  WEAK   DEFAULT   UND _ITM_deregisterTMCloneTable
    25: 0000000000001136    20 FUNC    GLOBAL DEFAULT    12 main
    26: 0000000000000000     0 NOTYPE  WEAK   DEFAULT   UND __gmon_start__
There are no section groups in this file.
Histogram for `.gnu.hash' bucket list length (total of 3 buckets)
 Length  Number     % of total  Coverage
      0  1          ( 33.3%)       0.0%
      1  1          ( 33.3%)      33.3%
      2  1          ( 33.3%)     100.0%
Displaying notes found in: .note.gnu.property
  Owner                Data size 	Description
  GNU                  0x00000010	NT_GNU_PROPERTY_TYPE_0 (property note)
    Properties:    x86 feature: IBT, SHSTK


Displaying notes found in: .note.gnu.build-id
  Owner                Data size 	Description
  GNU                  0x00000014	NT_GNU_BUILD_ID (unique build ID bitstring)
    Build ID: cb7077ab1b0693aeaaff58d532a9f0627ac8adc8
