ELF Header:
  Magic:   7f 45 4c 46 02 01 01 00 00 00 00 00 00 00 00 00
  Class:                             ELF64
  Data:                              2's complement, little endian
  Version:                           1 (current)
  OS/ABI:                            UNIX - System V
  ABI Version:                       0
  Type:                              EXEC (Executable file)
  Machine:                           Advanced Micro Devices X86-64
  Version:                           0x1
  Entry point address:               0x400080
  Start of program headers:          64 (bytes into file)
  Start of section headers:          176 (bytes into file)
  Flags:                             0x0
  Size of this header:               64 (bytes)
  Size of program headers:           56 (bytes)
  Number of program headers:         1
  Size of section headers:           64 (bytes)
  Number of section headers:         2
  Section header string table index: 0
There are 2 section headers, starting at offset 0xb0:

Section Headers:
  [Nr] Name              Type            Address          Off    Size   ES Flg Lk Inf Al
  [ 0] <no-strings>      NULL            0000000000000000 000000 000000 00      0   0  0
  [ 1] <no-strings>      SYMTAB          0000000000000000 000078 000018 18     16777216   1  8
Key to Flags:
  W (write), A (alloc), X (execute), M (merge), S (strings), I (info),
  L (link order), O (extra OS processing required), G (group), T (TLS),
  C (compressed), x (unknown), o (OS specific), E (exclude),
  R (retain), l (large), p (processor specific)

Elf file type is EXEC (Executable file)
Entry point 0x400080
There are 1 program headers, starting at offset 64

Program Headers:
  Type           Offset   VirtAddr           PhysAddr           FileSiz  MemSiz   Flg Align
  LOAD           0x000000 0x0000000000400000 0x0000000000400000 0x00008c 0x00008c R E 0x1000

 Section to Segment mapping:
  Segment Sections...
   00     
