ELF Header:
  Magic:   7f 45 4c 46 02 01 01 00 00 00 00 00 00 00 00 00
  Class:                             ELF64
  Data:                              2's complement, little endian
  Version:                           1 (current)
  OS/ABI:                            UNIX - System V
  ABI Version:                       0
  Type:                              EXEC (Executable file)
  Machine:                           Advanced Micro Devices X86-64
  Version:                           0x1
  Entry point address:               0x400080
  Start of program headers:          64 (bytes into file)
  Start of section headers:          176 (bytes into file)
  Flags:                             0x0
  Size of this header:               64 (bytes)
  Size of program headers:           56 (bytes)
  Number of program headers:         0
  Size of section headers:           64 (bytes)
  Number of section headers:         4
  Section header string table index: 1
There are 4 section headers, starting at offset 0xb0:

Section Headers:
  [Nr] Name              Type            Address          Off    Size   ES Flg Lk Inf Al
  [ 0]                   NULL            0000000000000000 000000 000000 00      0   0  0
  [ 1] .shstrtab         STRTAB          0000000000000000 0001b0 00001c 00      0   0  0
  [ 2] .dynstr           STRTAB          0000000000000000 0001d0 000001 00      0   0  0
  [ 3] .version          VERDEF          0000000000000000 0001e0 000014 00      2   1  0
Key to Flags:
  W (write), A (alloc), X (execute), M (merge), S (strings), I (info),
  L (link order), O (extra OS processing required), G (group), T (TLS),
  C (compressed), x (unknown), o (OS specific), E (exclude),
  R (retain), l (large), p (processor specific)

There are no program headers in this file.

 Section to Segment mapping:
  Segment Sections...
   None   .shstrtab .dynstr .version 

There are no relocations in this file.
Version definition section '.version' contains 1 entries:
 Addr: 0000000000000000  Offset: 0x0001e0  Link: 2 (.dynstr)
There are no section groups in this file.
