ELF Header:
  Magic:   7f 45 4c 46 01 01 01 00 00 00 00 00 00 00 00 00
  Class:                             ELF32
  Data:                              2's complement, little endian
  Ident Version:                     1 (current)
  OS/ABI:                            UNIX - System V
  ABI Version:                       0
  Type:                              EXEC (Executable file)
  Machine:                           AMD x86-64
  Version:                           1 (current)
  Entry point address:               0x400080
  Start of program headers:          0 (bytes into file)
  Start of section headers:          64 (bytes into file)
  Flags:                             
  Size of this header:               0 (bytes)
  Size of program header entries:    0 (bytes)
  Number of program headers entries: 0
  Size of section header entries:    0 (bytes)
  Number of section headers entries: 0 ([0] not available)
  Section header string table index: 0

Section Headers:
[Nr] Name                 Type         Addr     Off    Size   ES Flags Lk Inf Al

