ELF Header:
  Magic:   7f 45 4c 46 02 01 01 00 00 00 00 00 00 00 00 00
  Class:                             ELF64
  Data:                              2's complement, little endian
  Ident Version:                     1 (current)
  OS/ABI:                            UNIX - System V
  ABI Version:                       0
  Type:                              EXEC (Executable file)
  Machine:                           AMD x86-64
  Version:                           1 (current)
  Entry point address:               0x400080
  Start of program headers:          64 (bytes into file)
  Start of section headers:          0 (bytes into file)
  Flags:                             
  Size of this header:               64 (bytes)
  Size of program header entries:    56 (bytes)
  Number of program headers entries: 2
  Size of section header entries:    64 (bytes)
  Number of section headers entries: 0 ([0] not available)
  Section header string table index: 0

Section Headers:
[Nr] Name                 Type         Addr             Off      Size     ES Flags Lk Inf Al

Program Headers:
  Type           Offset   VirtAddr           PhysAddr           FileSiz  MemSiz   Flg Align
  LOAD           0x0000b0 0x00000000000000b0 0x00000000000000b0 0x001000 0x001000 RW  0x1000
  DYNAMIC        0x0008b0 0x00000000000008b0 0x0000000000000000 0x000070 0x000070 RW  0x8
