ELF Header:
  Magic:   7f 45 4c 46 02 01 01 00 00 00 00 00 00 00 00 00
  Class:                             ELF64
  Data:                              2's complement, little endian
  Ident Version:                     1 (current)
  OS/ABI:                            UNIX - System V
  ABI Version:                       0
  Type:                              EXEC (Executable file)
  Machine:                           AMD x86-64
  Version:                           1 (current)
  Entry point address:               0x400080
  Start of program headers:          64 (bytes into file)
  Start of section headers:          0 (bytes into file)
  Flags:                             
  Size of this header:               64 (bytes)
  Size of program header entries:    56 (bytes)
  Number of program headers entries: 28
  Size of section header entries:    64 (bytes)
  Number of section headers entries: 0 ([0] not available)
  Section header string table index: 0

Section Headers:
[Nr] Name                 Type         Addr             Off      Size     ES Flags Lk Inf Al

Program Headers:
  Type           Offset   VirtAddr           PhysAddr           FileSiz  MemSiz   Flg Align
  LOAD           0x000000 0x0000000000000000 0x0000000000000000 0x001000 0x003000 RW  0x1000
  DYNAMIC        0x0008b0 0x00000000000009d8 0x0000000000000060 0x000008 0x000000 RW  0x0
  NULL           0x000000 0x0000000000000000 0x0000000000000000 0x000000 0x000000     0x0
  NULL           0x000000 0x0000000000000000 0x0000000000000000 0x000000 0x200000015     0x0
  NULL           0x000000 0x0000000000000000 0x0000000000000000 0x000000 0x000000     0x0
  NULL           0x000000 0x0000000000000000 0x0000000000000000 0x000000 0x000000     0x5ffff05000000
  NULL           0x000000 0x0000000000000000 0x0000000000000000 0x000000 0x000000     0x0
  NULL           0x000000 0x0000000000000000 0x0000000000000000 0x000000 0x000000     0x0
  NULL           0x000000 0x0000000000000000 0x0000000000000000 0x000000 0x000000     0x0
  NULL           0xf90000000000 0x0000000000000000 0x0000000000000000 0x000000 0x000000     0x0
  NULL           0x000000 0x1000000000000000 0xb000000000000000 0xb000000000000000 0x000000     0x40000000000000
  NULL           0x000000 0x0000000000000000 0x0000000000000000 0x000000 0x000000     0x0
  NULL           0x000000 0x0000000000000000 0x0000000000000000 0x000000 0x000000     0x0
  NULL           0x000000 0x0000000000000000 0x0000000000000000 0x000000 0x000000     0x0
  NULL           0x000000 0x0000000000000000 0x0000000000000000 0x000000 0x000000     0x0
  NULL           0x000000 0x0000000000000001 0x0000000000000000 0x000000 0x000000     0x0
  NULL           0x000000 0x0000000000000000 0x0000000000000000 0x000000 0x000000     0x2000000000
  NULL           0x000000 0x0000000000000000 0x0000000000000000 0x000000 0x000000     0x0
  NULL           0x1000000000000000 0x0002000000000000 0x08b0000000060000 0x000000 0x000000     0x0
  NULL           0x000000 0x0000000000000000 0x0000000000000000 0x000000 0x000000     0x0
  NULL           0x000000 0x0000000000000000 0x0000000000000000 0x000000 0x000000     0xffde0000
  NULL           0x000000 0x0000000000000000 0x0000000000000000 0x000000 0x3e00020000000000     0x4000800000000100
  NULL           0x200000000000 0x0000000000000000 0x0000000000000000 0xffffffffffffff00 0xffffffffffffffff     0xffffffffffffffff
  <unknown>: -1  0xffffffffffffffff 0xffffffffffffffff 0x000000ffffffffff 0x000000 0xffffffff00000000 RWE 0xffffffffffffffff
  NULL           0xff0000 0x0000000000000000 0x0000000000000000 0x000000 0x000000     0x0
  NULL           0x000000 0x0000000000000000 0x0000000000000000 0x000000 0x000000     0x0
  NULL           0x000000 0x0000000000000000 0x0000000000000000 0x000000 0x000000     0x0
  NULL           0x000000 0x0000000000000000 0x0000000000000000 0x000000 0x000000     0x0
