ELF Header:
  Magic:   7f 45 4c 46 02 01 01 00 00 00 00 00 00 00 00 00
  Class:                             ELF64
  Data:                              2's complement, little endian
  Ident Version:                     1 (current)
  OS/ABI:                            UNIX - System V
  ABI Version:                       0
  Type:                              DYN (Shared object file)
  Machine:                           AMD x86-64
  Version:                           1 (current)
  Entry point address:               0
  Start of program headers:          64 (bytes into file)
  Start of section headers:          13592 (bytes into file)
  Flags:                             
  Size of this header:               64 (bytes)
  Size of program header entries:    56 (bytes)
  Number of program headers entries: 11
  Size of section header entries:    64 (bytes)
  Number of section headers entries: 27
  Section header string table index: 26

Section Headers:
[Nr] Name                 Type         Addr             Off      Size     ES Flags Lk Inf Al
[ 0]                      NULL         0000000000000000 00000000 00000000  0        0   0  0
[ 1] .note.gnu.property   NOTE         00000000000002a8 000002a8 00000020  0 A      0   0  8
[ 2] .note.gnu.build-id   NOTE         00000000000002c8 000002c8 00000024  0 A      0   0  4
[ 3] .gnu.hash            GNU_HASH     00000000000002f0 000002f0 00000030  0 A      4   0  8
[ 4] .dynsym              DYNSYM       0000000000000320 00000320 000000c0 24 A      5   1  8
[ 5] .dynstr              STRTAB       00000000000003e0 000003e0 0000005e  0 A      0   0  1
[ 6] .rela.dyn            RELA         0000000000000440 00000440 000000c0 24 A      4   0  8
[ 7] .rela.plt            RELA         0000000000000500 00000500 00000018 24 AI     4  20  8
[ 8] .init                PROGBITS     0000000000001000 00001000 0000001b  0 AX     0   0  4
[ 9] .plt                 PROGBITS     0000000000001020 00001020 00000020 16 AX     0   0 16
[10] .plt.got             PROGBITS     0000000000001040 00001040 00000010 16 AX     0   0 16
[11] .plt.sec             PROGBITS     0000000000001050 00001050 00000010 16 AX     0   0 16
[12] .text                PROGBITS     0000000000001060 00001060 000000ea  0 AX     0   0 16
[13] .fini                PROGBITS     000000000000114c 0000114c 0000000d  0 AX     0   0  4
[14] .eh_frame_hdr        PROGBITS     0000000000002000 00002000 00000034  0 A      0   0  4
[15] .eh_frame            PROGBITS     0000000000002038 00002038 000000b4  0 A      0   0  8
[16] .init_array          INIT_ARRAY   0000000000003e30 00002e30 00000008  8 WA     0   0  8
[17] .fini_array          FINI_ARRAY   0000000000003e38 00002e38 00000008  8 WA     0   0  8
[18] .dynamic             DYNAMIC      0000000000003e40 00002e40 00000180 16 WA     5   0  8
[19] .got                 PROGBITS     0000000000003fc0 00002fc0 00000028  8 WA     0   0  8
[20] .got.plt             PROGBITS     0000000000003fe8 00002fe8 00000020  8 WA     0   0  8
[21] .data                PROGBITS     0000000000004008 00003008 0000000c  0 WA     0   0  8
[22] .bss                 NOBITS       0000000000004014 00003014 00000004  0 WA     0   0  1
[23] .comment             PROGBITS     0000000000000000 00003014 0000002d  1 MS     0   0  1
[24] .symtab              SYMTAB       0000000000000000 00003048 00000288 24       25  20  8
[25] .strtab              STRTAB       0000000000000000 000032d0 0000015b  0        0   0  1
[26] .shstrtab            STRTAB       0000000000000000 0000342b 000000e9  0        0   0  1

Program Headers:
  Type           Offset   VirtAddr           PhysAddr           FileSiz  MemSiz   Flg Align
  LOAD           0x000000 0x0000000000000000 0x0000000000000000 0x000518 0x000518 R   0x1000
  LOAD           0x001000 0x0000000000001000 0x0000000000001000 0x000159 0x000159 R E 0x1000
  LOAD           0x002000 0x0000000000002000 0x0000000000002000 0x0000ec 0x0000ec R   0x1000
  LOAD           0x002e30 0x0000000000003e30 0x0000000000003e30 0x0001e4 0x0001e8 RW  0x1000
  DYNAMIC        0x002e40 0x0000000000003e40 0x0000000000003e40 0xfffffffffffffe7f 0xfffffffffffffe7f RW  0xfffffffffffffff7
  <unknown>: -5  0xfffffffffffffd57 0xfffffffffffffd57 0xfffffffffffffd57 0xffffffffffffffdf 0x000020  WE 0x8
  NOTE           0x0002c8 0x00000000000002c8 0x00000000000002c8 0x000024 0x000024 R   0x4
  GNU_PROPERTY   0x0002a8 0x00000000000002a8 0x00000000000002a8 0x000020 0x000020 R   0x8
  GNU_EH_FRAME   0x002000 0x0000000000002000 0x0000000000002000 0x000034 0x000034 R   0x4
  GNU_STACK      0x000000 0x0000000000000000 0x0000000000000000 0x000000 0x000000 RW  0x10
  GNU_RELRO      0x002e30 0x0000000000003e30 0x0000000000003e30 0x0001d0 0x0001d0 R   0x1

 Section to Segment mapping:
  Segment Sections...
   00      [RO: .note.gnu.property .note.gnu.build-id .gnu.hash .dynsym .dynstr .rela.dyn .rela.plt]
   01      [RO: .init .plt .plt.got .plt.sec .text .fini]
   02      [RO: .eh_frame_hdr .eh_frame]
   03      [RELRO: .init_array .fini_array .dynamic .got] <RELRO: .got.plt> .data .bss
   04     
   05     
   06      [RO: .note.gnu.build-id]
   07      [RO: .note.gnu.property]
   08      [RO: .eh_frame_hdr]
   09     
   10      [RELRO: .init_array .fini_array .dynamic .got]

Dynamic segment contains 20 entries:
 Addr: 0x0000000000003e40  Offset: 0x002e40  Link to section: [ 5] '.dynstr'
  Type              Value
  INIT              0x0000000000001000
  FINI              0x000000000000114c
  INIT_ARRAY        0x0000000000003e30
  INIT_ARRAYSZ      8 (bytes)
  FINI_ARRAY        0x0000000000003e38
  FINI_ARRAYSZ      8 (bytes)
  GNU_HASH          0x00000000000002f0
  STRTAB            0x00000000000003e0
  SYMTAB            0x0000000000000320
  STRSZ             94 (bytes)
  SYMENT            24 (bytes)
  PLTGOT            0x0000000000003fe8
  PLTRELSZ          24 (bytes)
  PLTREL            RELA
  JMPREL            0x0000000000000500
  RELA              0x0000000000000440
  RELASZ            192 (bytes)
  RELAENT           24 (bytes)
  RELACOUNT         3
  NULL              

Relocation section [ 6] '.rela.dyn' at offset 0x440 contains 8 entries:
  Offset              Type            Value               Addend Name
  0x0000000000003e30  X86_64_RELATIVE 000000000000000000   +4368 
  0x0000000000003e38  X86_64_RELATIVE 000000000000000000   +4304 
  0x0000000000004008  X86_64_RELATIVE 000000000000000000  +16392 
  0x0000000000003fc0  X86_64_GLOB_DAT 000000000000000000      +0 __cxa_finalize
  0x0000000000003fc8  X86_64_GLOB_DAT 0x0000000000004010      +0 g
  0x0000000000003fd0  X86_64_GLOB_DAT 000000000000000000      +0 _ITM_registerTMCloneTable
  0x0000000000003fd8  X86_64_GLOB_DAT 000000000000000000      +0 _ITM_deregisterTMCloneTable
  0x0000000000003fe0  X86_64_GLOB_DAT 000000000000000000      +0 __gmon_start__

Relocation section [ 7] '.rela.plt' for section [20] '.got.plt' at offset 0x500 contains 1 entry:
  Offset              Type            Value               Addend Name
  0x0000000000004000  X86_64_JUMP_SLOT 0x0000000000001119      +0 f

Histogram for bucket list length in section [ 3] '.gnu.hash' (total of 3 buckets):
 Addr: 0x00000000000002f0  Offset: 0x0002f0  Link to section: [ 4] '.dynsym'
 Symbol Bias: 5
 Bitmask Size: 8 bytes  8% bits set  2nd hash shift: 6
 Length  Number  % of total  Coverage
      0       1       33.3%
      1       1       33.3%     33.3%
      2       1       33.3%    100.0%
 Average number of tests:   successful lookup: 1.333333
			  unsuccessful lookup: 1.000000

Symbol table [ 4] '.dynsym' contains 8 entries:
 1 local symbol  String table: [ 5] '.dynstr'
  Num:            Value   Size Type    Bind   Vis          Ndx Name
    0: 0000000000000000      0 NOTYPE  LOCAL  DEFAULT    UNDEF 
    1: 0000000000000000      0 NOTYPE  WEAK   DEFAULT    UNDEF __cxa_finalize
    2: 0000000000000000      0 NOTYPE  WEAK   DEFAULT    UNDEF _ITM_registerTMCloneTable
    3: 0000000000000000      0 NOTYPE  WEAK   DEFAULT    UNDEF _ITM_deregisterTMCloneTable
    4: 0000000000000000      0 NOTYPE  WEAK   DEFAULT    UNDEF __gmon_start__
    5: 0000000000001119     29 FUNC    GLOBAL DEFAULT       12 f
    6: 0000000000004010      4 OBJECT  GLOBAL DEFAULT       21 g
    7: 0000000000001136     20 FUNC    GLOBAL DEFAULT       12 main

Symbol table [24] '.symtab' contains 27 entries:
 20 local symbols  String table: [25] '.strtab'
  Num:            Value   Size Type    Bind   Vis          Ndx Name
    0: 0000000000000000      0 NOTYPE  LOCAL  DEFAULT    UNDEF 
    1: 0000000000000000      0 FILE    LOCAL  DEFAULT      ABS crtstuff.c
    2: 0000000000001060      0 FUNC    LOCAL  DEFAULT       12 deregister_tm_clones
    3: 0000000000001090      0 FUNC    LOCAL  DEFAULT       12 register_tm_clones
    4: 00000000000010d0      0 FUNC    LOCAL  DEFAULT       12 __do_global_dtors_aux
    5: 0000000000004014      1 OBJECT  LOCAL  DEFAULT       22 completed.0
    6: 0000000000003e38      0 OBJECT  LOCAL  DEFAULT       17 __do_global_dtors_aux_fini_array_entry
    7: 0000000000001110      0 FUNC    LOCAL  DEFAULT       12 frame_dummy
    8: 0000000000003e30      0 OBJECT  LOCAL  DEFAULT       16 __frame_dummy_init_array_entry
    9: 0000000000000000      0 FILE    LOCAL  DEFAULT      ABS s.c
   10: 0000000000000000      0 FILE    LOCAL  DEFAULT      ABS crtstuff.c
   11: 00000000000020e8      0 OBJECT  LOCAL  DEFAULT       15 __FRAME_END__
   12: 0000000000000000      0 FILE    LOCAL  DEFAULT      ABS 
   13: 0000000000003e40      0 OBJECT  LOCAL  DEFAULT       18 _DYNAMIC
   14: 0000000000004018      0 OBJECT  LOCAL  DEFAULT       21 __TMC_END__
   15: 0000000000004008      0 OBJECT  LOCAL  DEFAULT       21 __dso_handle
   16: 0000000000001000      0 FUNC    LOCAL  DEFAULT        8 _init
   17: 0000000000002000      0 NOTYPE  LOCAL  DEFAULT       14 __GNU_EH_FRAME_HDR
   18: 000000000000114c      0 FUNC    LOCAL  DEFAULT       13 _fini
   19: 0000000000003fe8      0 OBJECT  LOCAL  DEFAULT       20 _GLOBAL_OFFSET_TABLE_
   20: 0000000000001119     29 FUNC    GLOBAL DEFAULT       12 f
   21: 0000000000000000      0 NOTYPE  WEAK   DEFAULT    UNDEF __cxa_finalize
   22: 0000000000004010      4 OBJECT  GLOBAL DEFAULT       21 g
   23: 0000000000000000      0 NOTYPE  WEAK   DEFAULT    UNDEF _ITM_registerTMCloneTable
   24: 0000000000000000      0 NOTYPE  WEAK   DEFAULT    UNDEF _ITM_deregisterTMCloneTable
   25: 0000000000001136     20 FUNC    GLOBAL DEFAULT       12 main
   26: 0000000000000000      0 NOTYPE  WEAK   DEFAULT    UNDEF __gmon_start__

String section [25] '.strtab' contains 347 bytes at offset 0x32d0:
  [     0]  
  [     1]  crtstuff.c
  [     c]  deregister_tm_clones
  [    21]  __do_global_dtors_aux
  [    37]  completed.0
  [    43]  __do_global_dtors_aux_fini_array_entry
  [    6a]  frame_dummy
  [    76]  __frame_dummy_init_array_entry
  [    95]  s.c
  [    99]  __FRAME_END__
  [    a7]  _DYNAMIC
  [    b0]  __TMC_END__
  [    bc]  __dso_handle
  [    c9]  _init
  [    cf]  __GNU_EH_FRAME_HDR
  [    e2]  _fini
  [    e8]  _GLOBAL_OFFSET_TABLE_
  [    fe]  f
  [   100]  __cxa_finalize
  [   10f]  g
  [   111]  _ITM_registerTMCloneTable
  [   12b]  _ITM_deregisterTMCloneTable
  [   147]  main
  [   14c]  __gmon_start__

String section [5] '.dynstr' contains 94 bytes at offset 0x3e0:
  [     0]  
  [     1]  __gmon_start__
  [    10]  _ITM_deregisterTMCloneTable
  [    2c]  _ITM_registerTMCloneTable
  [    46]  __cxa_finalize
  [    55]  g
  [    57]  f
  [    59]  main

String section [23] '.comment' contains 45 bytes at offset 0x3014:
  [     0]  GCC: (Ubuntu 13.3.0-6ubuntu2~24.04.1) 13.3.0

Call frame search table section [14] '.eh_frame_hdr':
 version:          1
 eh_frame_ptr_enc: 0x1b (sdata4 pcrel)
 fde_count_enc:    0x3 (udata4)
 table_enc:        0x3b (sdata4 datarel)
 eh_frame_ptr:     0x34 (offset: 0x2038)
 fde_count:        5
 Table:
  0xfffff020 (offset: 0x1020) -> 0x50 fde=[    18]
  0xfffff040 (offset: 0x1040) -> 0x78 fde=[    40]
  0xfffff050 (offset: 0x1050) -> 0x90 fde=[    58]
  0xfffff119 (offset: 0x1119) -> 0xa8 fde=[    70]
  0xfffff136 (offset: 0x1136) -> 0xc8 fde=[    90]

Call frame information section [15] '.eh_frame' at offset 0x2038:

 [     0] CIE length=20
   CIE_id:                   0
   version:                  1
   augmentation:             "zR"
   code_alignment_factor:    1
   data_alignment_factor:    -8
   return_address_register:  16
   Augmentation data:        0x1b (FDE address encoding: sdata4 pcrel)

   Program:
     def_cfa r7 (rsp) at offset 8
     offset r16 (rip) at cfa-8
     nop
     nop

 [    18] FDE length=36 cie=[     0]
   CIE_pointer:              28
   initial_location:         +0x0000000000001020 (offset: 0x1020)
   address_range:            0x20 (end offset: 0x1040)

   Program:
     def_cfa_offset 16
     advance_loc 6 to 0x1026
     def_cfa_offset 24
     advance_loc 10 to 0x1030
     def_cfa_expression 11
          [ 0] breg7 8
          [ 2] breg16 0
          [ 4] lit15
          [ 5] and
          [ 6] lit9
          [ 7] ge
          [ 8] lit3
          [ 9] shl
          [10] plus
     nop
     nop
     nop
     nop

 [    40] FDE length=20 cie=[     0]
   CIE_pointer:              68
   initial_location:         +0x0000000000001040 (offset: 0x1040)
   address_range:            0x10 (end offset: 0x1050)

   Program:
     nop
     nop
     nop
     nop
     nop
     nop
     nop

 [    58] FDE length=20 cie=[     0]
   CIE_pointer:              92
   initial_location:         +0x0000000000001050 (offset: 0x1050)
   address_range:            0x10 (end offset: 0x1060)

   Program:
     nop
     nop
     nop
     nop
     nop
     nop
     nop

 [    70] FDE length=28 cie=[     0]
   CIE_pointer:              116
   initial_location:         +0x0000000000001119 <f> (offset: 0x1119)
   address_range:            0x1d (end offset: 0x1136)

   Program:
     advance_loc 5 to 0x111e
     def_cfa_offset 16
     offset r6 (rbp) at cfa-16
     advance_loc 3 to 0x1121
     def_cfa_register r6 (rbp)
     advance_loc 20 to 0x1135
     def_cfa r7 (rsp) at offset 8
     nop
     nop
     nop

 [    90] FDE length=28 cie=[     0]
   CIE_pointer:              148
   initial_location:         +0x0000000000001136 <main> (offset: 0x1136)
   address_range:            0x14 (end offset: 0x114a)

   Program:
     advance_loc 5 to 0x113b
     def_cfa_offset 16
     offset r6 (rbp) at cfa-16
     advance_loc 3 to 0x113e
     def_cfa_register r6 (rbp)
     advance_loc 11 to 0x1149
     def_cfa r7 (rsp) at offset 8
     nop
     nop
     nop

 [    b0] Zero terminator

Note section [ 1] '.note.gnu.property' of 32 bytes at offset 0x2a8:
  Owner          Data size  Type
  GNU                   16  GNU_PROPERTY_TYPE_0
    X86 FEATURE_1_AND: 00000003 IBT SHSTK

Note section [ 2] '.note.gnu.build-id' of 36 bytes at offset 0x2c8:
  Owner          Data size  Type
  GNU                   20  GNU_BUILD_ID
    Build ID: cb7077ab1b0693aeaaff58d532a9f0627ac8adc8
