ELF Header:
  Magic:   7f 45 4c 46 02 01 01 00 00 00 00 00 00 00 00 00
  Class:                             ELF64
  Data:                              2's complement, little endian
  Ident Version:                     1 (current)
  OS/ABI:                            UNIX - System V
  ABI Version:                       0
  Type:                              EXEC (Executable file)
  Machine:                           AMD x86-64
  Version:                           1 (current)
  Entry point address:               0x400080
  Start of program headers:          65 (bytes into file)
  Start of section headers:          0 (bytes into file)
  Flags:                             
  Size of this header:               64 (bytes)
  Size of program header entries:    56 (bytes)
  Number of program headers entries: 1
  Size of section header entries:    64 (bytes)
  Number of section headers entries: 0 ([0] not available)
  Section header string table index: 0

Section Headers:
[Nr] Name                 Type         Addr             Off      Size     ES Flags Lk Inf Al

Program Headers:
  Type           Offset   VirtAddr           PhysAddr           FileSiz  MemSiz   Flg Align
  PHDR           0x000041 0x0000000000400041 0x0000000000400041 0x000038 0x000038 R   0x8
