ELF Header:
  Magic:   7f 45 4c 46 02 01 01 00 00 00 00 00 00 00 00 00
  Class:                             ELF64
  Data:                              2's complement, little endian
  Ident Version:                     1 (current)
  OS/ABI:                            UNIX - System V
  ABI Version:                       0
  Type:                              EXEC (Executable file)
  Machine:                           AMD x86-64
  Version:                           1 (current)
  Entry point address:               0x400080
  Start of program headers:          64 (bytes into file)
  Start of section headers:          176 (bytes into file)
  Flags:                             
  Size of this header:               64 (bytes)
  Size of program header entries:    56 (bytes)
  Number of program headers entries: 0
  Size of section header entries:    64 (bytes)
  Number of section headers entries: 3
  Section header string table index: 0

Section Headers:
[Nr] Name                 Type         Addr             Off      Size     ES Flags Lk Inf Al
[ 0] <corrupt>            NULL         0000000000000000 00000000 00000000  0        0   0  0
[ 1] <corrupt>            SYMTAB       0000000000000000 00000078 00000018 24        2   2  0
[ 2] <corrupt>            STRTAB       0000000000000000 00000090 00000001  0        0   0  0


Symbol table [ 1] '(null)' contains 1 entry:
 2 local symbols  String table: [ 2] '(null)'
  Num:            Value   Size Type    Bind   Vis          Ndx Name
    0: 0000000000000000      0 NOTYPE  LOCAL  DEFAULT    UNDEF 
